Start testing: Apr 29 15:44 CST
----------------------------------------------------------
1/40 Testing: common_blocking_queue_test
1/40 Test: common_blocking_queue_test
Command: "/home/nvidia/git/repos/ros/catkin_ws/src/cartographer/cartographer/build/cartographer/common/common_blocking_queue_test"
Directory: /home/nvidia/git/repos/ros/catkin_ws/src/cartographer/cartographer/build/cartographer/common
"common_blocking_queue_test" start time: Apr 29 15:44 CST
Output:
----------------------------------------------------------
Running main() from gmock_main.cc
[==========] Running 7 tests from 1 test case.
[----------] Global test environment set-up.
[----------] 7 tests from BlockingQueueTest
[ RUN      ] BlockingQueueTest.testPushPeekPop
[       OK ] BlockingQueueTest.testPushPeekPop (0 ms)
[ RUN      ] BlockingQueueTest.testPushPopSharedPtr
[       OK ] BlockingQueueTest.testPushPopSharedPtr (0 ms)
[ RUN      ] BlockingQueueTest.testPopWithTimeout
[       OK ] BlockingQueueTest.testPopWithTimeout (151 ms)
[ RUN      ] BlockingQueueTest.testPushWithTimeout
[       OK ] BlockingQueueTest.testPushWithTimeout (150 ms)
[ RUN      ] BlockingQueueTest.testPushWithTimeoutInfinteQueue
[       OK ] BlockingQueueTest.testPushWithTimeoutInfinteQueue (0 ms)
[ RUN      ] BlockingQueueTest.testBlockingPop
[       OK ] BlockingQueueTest.testBlockingPop (102 ms)
[ RUN      ] BlockingQueueTest.testBlockingPopWithTimeout
[       OK ] BlockingQueueTest.testBlockingPopWithTimeout (101 ms)
[----------] 7 tests from BlockingQueueTest (505 ms total)

[----------] Global test environment tear-down
[==========] 7 tests from 1 test case ran. (506 ms total)
[  PASSED  ] 7 tests.
<end of output>
Test time =   0.51 sec
----------------------------------------------------------
Test Passed.
"common_blocking_queue_test" end time: Apr 29 15:44 CST
"common_blocking_queue_test" time elapsed: 00:00:00
----------------------------------------------------------

2/40 Testing: common_fixed_ratio_sampler_test
2/40 Test: common_fixed_ratio_sampler_test
Command: "/home/nvidia/git/repos/ros/catkin_ws/src/cartographer/cartographer/build/cartographer/common/common_fixed_ratio_sampler_test"
Directory: /home/nvidia/git/repos/ros/catkin_ws/src/cartographer/cartographer/build/cartographer/common
"common_fixed_ratio_sampler_test" start time: Apr 29 15:44 CST
Output:
----------------------------------------------------------
Running main() from gmock_main.cc
[==========] Running 4 tests from 1 test case.
[----------] Global test environment set-up.
[----------] 4 tests from FixedRatioSamplerTest
[ RUN      ] FixedRatioSamplerTest.AlwaysTrue
[       OK ] FixedRatioSamplerTest.AlwaysTrue (0 ms)
[ RUN      ] FixedRatioSamplerTest.AlwaysFalse
[       OK ] FixedRatioSamplerTest.AlwaysFalse (0 ms)
[ RUN      ] FixedRatioSamplerTest.SometimesTrue
[       OK ] FixedRatioSamplerTest.SometimesTrue (0 ms)
[ RUN      ] FixedRatioSamplerTest.FirstPulseIsTrue
[       OK ] FixedRatioSamplerTest.FirstPulseIsTrue (0 ms)
[----------] 4 tests from FixedRatioSamplerTest (0 ms total)

[----------] Global test environment tear-down
[==========] 4 tests from 1 test case ran. (0 ms total)
[  PASSED  ] 4 tests.
<end of output>
Test time =   0.02 sec
----------------------------------------------------------
Test Passed.
"common_fixed_ratio_sampler_test" end time: Apr 29 15:44 CST
"common_fixed_ratio_sampler_test" time elapsed: 00:00:00
----------------------------------------------------------

3/40 Testing: common_lua_parameter_dictionary_test
3/40 Test: common_lua_parameter_dictionary_test
Command: "/home/nvidia/git/repos/ros/catkin_ws/src/cartographer/cartographer/build/cartographer/common/common_lua_parameter_dictionary_test"
Directory: /home/nvidia/git/repos/ros/catkin_ws/src/cartographer/cartographer/build/cartographer/common
"common_lua_parameter_dictionary_test" start time: Apr 29 15:44 CST
Output:
----------------------------------------------------------
Running main() from gmock_main.cc
[==========] Running 19 tests from 1 test case.
[----------] Global test environment set-up.
[----------] 19 tests from LuaParameterDictionaryTest
[ RUN      ] LuaParameterDictionaryTest.GetInt
[       OK ] LuaParameterDictionaryTest.GetInt (1 ms)
[ RUN      ] LuaParameterDictionaryTest.GetString
[       OK ] LuaParameterDictionaryTest.GetString (0 ms)
[ RUN      ] LuaParameterDictionaryTest.GetDouble
[       OK ] LuaParameterDictionaryTest.GetDouble (1 ms)
[ RUN      ] LuaParameterDictionaryTest.GetBoolTrue
[       OK ] LuaParameterDictionaryTest.GetBoolTrue (0 ms)
[ RUN      ] LuaParameterDictionaryTest.GetBoolFalse
[       OK ] LuaParameterDictionaryTest.GetBoolFalse (1 ms)
[ RUN      ] LuaParameterDictionaryTest.GetDictionary
[       OK ] LuaParameterDictionaryTest.GetDictionary (0 ms)
[ RUN      ] LuaParameterDictionaryTest.GetKeys
[       OK ] LuaParameterDictionaryTest.GetKeys (1 ms)
[ RUN      ] LuaParameterDictionaryTest.NonExistingKey

[WARNING] /usr/src/gtest/src/gtest-death-test.cc:825:: Death tests use fork(), which is unsafe particularly in a threaded context. For this test, Google Test couldn't detect the number of threads.
[       OK ] LuaParameterDictionaryTest.NonExistingKey (481 ms)
[ RUN      ] LuaParameterDictionaryTest.UintNegative

[WARNING] /usr/src/gtest/src/gtest-death-test.cc:825:: Death tests use fork(), which is unsafe particularly in a threaded context. For this test, Google Test couldn't detect the number of threads.
[       OK ] LuaParameterDictionaryTest.UintNegative (463 ms)
[ RUN      ] LuaParameterDictionaryTest.ToString
[       OK ] LuaParameterDictionaryTest.ToString (4 ms)
[ RUN      ] LuaParameterDictionaryTest.ToStringForArrays
[       OK ] LuaParameterDictionaryTest.ToStringForArrays (1 ms)
[ RUN      ] LuaParameterDictionaryTest.GetArrayValuesAsStrings
[       OK ] LuaParameterDictionaryTest.GetArrayValuesAsStrings (1 ms)
[ RUN      ] LuaParameterDictionaryTest.GetArrayValuesAsDoubles
[       OK ] LuaParameterDictionaryTest.GetArrayValuesAsDoubles (1 ms)
[ RUN      ] LuaParameterDictionaryTest.GetArrayValuesAsDictionaries
[       OK ] LuaParameterDictionaryTest.GetArrayValuesAsDictionaries (1 ms)
[ RUN      ] LuaParameterDictionaryTest.TestChooseTrue
[       OK ] LuaParameterDictionaryTest.TestChooseTrue (1 ms)
[ RUN      ] LuaParameterDictionaryTest.TestChoseFalse
[       OK ] LuaParameterDictionaryTest.TestChoseFalse (1 ms)
[ RUN      ] LuaParameterDictionaryTest.TestChooseInvalidArgument

[WARNING] /usr/src/gtest/src/gtest-death-test.cc:825:: Death tests use fork(), which is unsafe particularly in a threaded context. For this test, Google Test couldn't detect the number of threads.
[       OK ] LuaParameterDictionaryTest.TestChooseInvalidArgument (459 ms)
[ RUN      ] LuaParameterDictionaryTest.Partial
[       OK ] LuaParameterDictionaryTest.Partial (1 ms)
[ RUN      ] LuaParameterDictionaryTest.PartialIsReferenceCounted

[WARNING] /usr/src/gtest/src/gtest-death-test.cc:825:: Death tests use fork(), which is unsafe particularly in a threaded context. For this test, Google Test couldn't detect the number of threads.
[       OK ] LuaParameterDictionaryTest.PartialIsReferenceCounted (485 ms)
[----------] 19 tests from LuaParameterDictionaryTest (1906 ms total)

[----------] Global test environment tear-down
[==========] 19 tests from 1 test case ran. (1906 ms total)
[  PASSED  ] 19 tests.
<end of output>
Test time =   1.92 sec
----------------------------------------------------------
Test Passed.
"common_lua_parameter_dictionary_test" end time: Apr 29 15:44 CST
"common_lua_parameter_dictionary_test" time elapsed: 00:00:01
----------------------------------------------------------

4/40 Testing: common_math_test
4/40 Test: common_math_test
Command: "/home/nvidia/git/repos/ros/catkin_ws/src/cartographer/cartographer/build/cartographer/common/common_math_test"
Directory: /home/nvidia/git/repos/ros/catkin_ws/src/cartographer/cartographer/build/cartographer/common
"common_math_test" start time: Apr 29 15:44 CST
Output:
----------------------------------------------------------
Running main() from gmock_main.cc
[==========] Running 5 tests from 1 test case.
[----------] Global test environment set-up.
[----------] 5 tests from MathTest
[ RUN      ] MathTest.testPower
[       OK ] MathTest.testPower (0 ms)
[ RUN      ] MathTest.testPow2
[       OK ] MathTest.testPow2 (0 ms)
[ RUN      ] MathTest.testDeg2rad
[       OK ] MathTest.testDeg2rad (0 ms)
[ RUN      ] MathTest.testRad2deg
[       OK ] MathTest.testRad2deg (0 ms)
[ RUN      ] MathTest.testNormalizeAngleDifference
[       OK ] MathTest.testNormalizeAngleDifference (0 ms)
[----------] 5 tests from MathTest (0 ms total)

[----------] Global test environment tear-down
[==========] 5 tests from 1 test case ran. (0 ms total)
[  PASSED  ] 5 tests.
<end of output>
Test time =   0.01 sec
----------------------------------------------------------
Test Passed.
"common_math_test" end time: Apr 29 15:44 CST
"common_math_test" time elapsed: 00:00:00
----------------------------------------------------------

5/40 Testing: common_ordered_multi_queue_test
5/40 Test: common_ordered_multi_queue_test
Command: "/home/nvidia/git/repos/ros/catkin_ws/src/cartographer/cartographer/build/cartographer/common/common_ordered_multi_queue_test"
Directory: /home/nvidia/git/repos/ros/catkin_ws/src/cartographer/cartographer/build/cartographer/common
"common_ordered_multi_queue_test" start time: Apr 29 15:44 CST
Output:
----------------------------------------------------------
Running main() from gmock_main.cc
[==========] Running 2 tests from 1 test case.
[----------] Global test environment set-up.
[----------] 2 tests from OrderedMultiQueue
[ RUN      ] OrderedMultiQueue.Ordering
[       OK ] OrderedMultiQueue.Ordering (0 ms)
[ RUN      ] OrderedMultiQueue.MarkQueueAsFinished
[       OK ] OrderedMultiQueue.MarkQueueAsFinished (0 ms)
[----------] 2 tests from OrderedMultiQueue (0 ms total)

[----------] Global test environment tear-down
[==========] 2 tests from 1 test case ran. (0 ms total)
[  PASSED  ] 2 tests.
<end of output>
Test time =   0.02 sec
----------------------------------------------------------
Test Passed.
"common_ordered_multi_queue_test" end time: Apr 29 15:44 CST
"common_ordered_multi_queue_test" time elapsed: 00:00:00
----------------------------------------------------------

6/40 Testing: common_rate_timer_test
6/40 Test: common_rate_timer_test
Command: "/home/nvidia/git/repos/ros/catkin_ws/src/cartographer/cartographer/build/cartographer/common/common_rate_timer_test"
Directory: /home/nvidia/git/repos/ros/catkin_ws/src/cartographer/cartographer/build/cartographer/common
"common_rate_timer_test" start time: Apr 29 15:44 CST
Output:
----------------------------------------------------------
Running main() from gmock_main.cc
[==========] Running 2 tests from 1 test case.
[----------] Global test environment set-up.
[----------] 2 tests from RateTimerTest
[ RUN      ] RateTimerTest.ComputeRate
[       OK ] RateTimerTest.ComputeRate (0 ms)
[ RUN      ] RateTimerTest.ComputeWallTimeRateRatio
[       OK ] RateTimerTest.ComputeWallTimeRateRatio (0 ms)
[----------] 2 tests from RateTimerTest (0 ms total)

[----------] Global test environment tear-down
[==========] 2 tests from 1 test case ran. (1 ms total)
[  PASSED  ] 2 tests.
<end of output>
Test time =   0.02 sec
----------------------------------------------------------
Test Passed.
"common_rate_timer_test" end time: Apr 29 15:44 CST
"common_rate_timer_test" time elapsed: 00:00:00
----------------------------------------------------------

7/40 Testing: kalman_filter_gaussian_distribution_test
7/40 Test: kalman_filter_gaussian_distribution_test
Command: "/home/nvidia/git/repos/ros/catkin_ws/src/cartographer/cartographer/build/cartographer/kalman_filter/kalman_filter_gaussian_distribution_test"
Directory: /home/nvidia/git/repos/ros/catkin_ws/src/cartographer/cartographer/build/cartographer/kalman_filter
"kalman_filter_gaussian_distribution_test" start time: Apr 29 15:44 CST
Output:
----------------------------------------------------------
Running main() from gmock_main.cc
[==========] Running 1 test from 1 test case.
[----------] Global test environment set-up.
[----------] 1 test from GaussianDistributionTest
[ RUN      ] GaussianDistributionTest.testConstructor
[       OK ] GaussianDistributionTest.testConstructor (0 ms)
[----------] 1 test from GaussianDistributionTest (0 ms total)

[----------] Global test environment tear-down
[==========] 1 test from 1 test case ran. (0 ms total)
[  PASSED  ] 1 test.
<end of output>
Test time =   0.02 sec
----------------------------------------------------------
Test Passed.
"kalman_filter_gaussian_distribution_test" end time: Apr 29 15:44 CST
"kalman_filter_gaussian_distribution_test" time elapsed: 00:00:00
----------------------------------------------------------

8/40 Testing: kalman_filter_pose_tracker_test
8/40 Test: kalman_filter_pose_tracker_test
Command: "/home/nvidia/git/repos/ros/catkin_ws/src/cartographer/cartographer/build/cartographer/kalman_filter/kalman_filter_pose_tracker_test"
Directory: /home/nvidia/git/repos/ros/catkin_ws/src/cartographer/cartographer/build/cartographer/kalman_filter
"kalman_filter_pose_tracker_test" start time: Apr 29 15:44 CST
Output:
----------------------------------------------------------
Running main() from gmock_main.cc
[==========] Running 6 tests from 2 test cases.
[----------] Global test environment set-up.
[----------] 1 test from CovarianceTest
[ RUN      ] CovarianceTest.EmbedAndProjectCovariance
[       OK ] CovarianceTest.EmbedAndProjectCovariance (0 ms)
[----------] 1 test from CovarianceTest (0 ms total)

[----------] 5 tests from PoseTrackerTest
[ RUN      ] PoseTrackerTest.SaveAndRestore
[       OK ] PoseTrackerTest.SaveAndRestore (2 ms)
[ RUN      ] PoseTrackerTest.AddImuLinearAccelerationObservation
[       OK ] PoseTrackerTest.AddImuLinearAccelerationObservation (27 ms)
[ RUN      ] PoseTrackerTest.AddImuAngularVelocityObservation
[       OK ] PoseTrackerTest.AddImuAngularVelocityObservation (17 ms)
[ RUN      ] PoseTrackerTest.AddPoseObservation
[       OK ] PoseTrackerTest.AddPoseObservation (38 ms)
[ RUN      ] PoseTrackerTest.AddOdometerPoseObservation
[       OK ] PoseTrackerTest.AddOdometerPoseObservation (1 ms)
[----------] 5 tests from PoseTrackerTest (85 ms total)

[----------] Global test environment tear-down
[==========] 6 tests from 2 test cases ran. (85 ms total)
[  PASSED  ] 6 tests.
<end of output>
Test time =   0.11 sec
----------------------------------------------------------
Test Passed.
"kalman_filter_pose_tracker_test" end time: Apr 29 15:44 CST
"kalman_filter_pose_tracker_test" time elapsed: 00:00:00
----------------------------------------------------------

9/40 Testing: kalman_filter_unscented_kalman_filter_test
9/40 Test: kalman_filter_unscented_kalman_filter_test
Command: "/home/nvidia/git/repos/ros/catkin_ws/src/cartographer/cartographer/build/cartographer/kalman_filter/kalman_filter_unscented_kalman_filter_test"
Directory: /home/nvidia/git/repos/ros/catkin_ws/src/cartographer/cartographer/build/cartographer/kalman_filter
"kalman_filter_unscented_kalman_filter_test" start time: Apr 29 15:44 CST
Output:
----------------------------------------------------------
Running main() from gmock_main.cc
[==========] Running 3 tests from 1 test case.
[----------] Global test environment set-up.
[----------] 3 tests from KalmanFilterTest
[ RUN      ] KalmanFilterTest.testConstructor
[       OK ] KalmanFilterTest.testConstructor (0 ms)
[ RUN      ] KalmanFilterTest.testPredict
[       OK ] KalmanFilterTest.testPredict (0 ms)
[ RUN      ] KalmanFilterTest.testObserve
[       OK ] KalmanFilterTest.testObserve (1 ms)
[----------] 3 tests from KalmanFilterTest (1 ms total)

[----------] Global test environment tear-down
[==========] 3 tests from 1 test case ran. (1 ms total)
[  PASSED  ] 3 tests.
<end of output>
Test time =   0.01 sec
----------------------------------------------------------
Test Passed.
"kalman_filter_unscented_kalman_filter_test" end time: Apr 29 15:44 CST
"kalman_filter_unscented_kalman_filter_test" time elapsed: 00:00:00
----------------------------------------------------------

10/40 Testing: mapping_probability_values_test
10/40 Test: mapping_probability_values_test
Command: "/home/nvidia/git/repos/ros/catkin_ws/src/cartographer/cartographer/build/cartographer/mapping/mapping_probability_values_test"
Directory: /home/nvidia/git/repos/ros/catkin_ws/src/cartographer/cartographer/build/cartographer/mapping
"mapping_probability_values_test" start time: Apr 29 15:44 CST
Output:
----------------------------------------------------------
Running main() from gmock_main.cc
[==========] Running 1 test from 1 test case.
[----------] Global test environment set-up.
[----------] 1 test from ProbabilityValuesTest
[ RUN      ] ProbabilityValuesTest.OddsConversions
[       OK ] ProbabilityValuesTest.OddsConversions (0 ms)
[----------] 1 test from ProbabilityValuesTest (0 ms total)

[----------] Global test environment tear-down
[==========] 1 test from 1 test case ran. (0 ms total)
[  PASSED  ] 1 test.
<end of output>
Test time =   0.01 sec
----------------------------------------------------------
Test Passed.
"mapping_probability_values_test" end time: Apr 29 15:44 CST
"mapping_probability_values_test" time elapsed: 00:00:00
----------------------------------------------------------

11/40 Testing: mapping_sensor_collator_test
11/40 Test: mapping_sensor_collator_test
Command: "/home/nvidia/git/repos/ros/catkin_ws/src/cartographer/cartographer/build/cartographer/mapping/mapping_sensor_collator_test"
Directory: /home/nvidia/git/repos/ros/catkin_ws/src/cartographer/cartographer/build/cartographer/mapping
"mapping_sensor_collator_test" start time: Apr 29 15:44 CST
Output:
----------------------------------------------------------
Running main() from gmock_main.cc
[==========] Running 1 test from 1 test case.
[----------] Global test environment set-up.
[----------] 1 test from SensorCollator
[ RUN      ] SensorCollator.Ordering
WARNING: Logging before InitGoogleLogging() is written to STDERR
I0429 15:44:31.203994 10053 sensor_packet_period_histogram_builder.cc:70] Printing histograms for trajectory with id 0
I0429 15:44:31.204136 10053 sensor_packet_period_histogram_builder.cc:73] Sensor packet period histogram for 'imu' from trajectory '0':
Total: 0
I0429 15:44:31.204156 10053 sensor_packet_period_histogram_builder.cc:73] Sensor packet period histogram for 'something' from trajectory '0':
Total: 0
I0429 15:44:31.204169 10053 sensor_packet_period_histogram_builder.cc:73] Sensor packet period histogram for 'vertical_laser' from trajectory '0':
<   1ms:       1 (100.000000 %)
Total: 1
I0429 15:44:31.204200 10053 sensor_packet_period_histogram_builder.cc:73] Sensor packet period histogram for 'horizontal_laser' from trajectory '0':
<   1ms:       1 (100.000000 %)
Total: 1
[       OK ] SensorCollator.Ordering (1 ms)
[----------] 1 test from SensorCollator (1 ms total)

[----------] Global test environment tear-down
[==========] 1 test from 1 test case ran. (1 ms total)
[  PASSED  ] 1 test.
<end of output>
Test time =   0.01 sec
----------------------------------------------------------
Test Passed.
"mapping_sensor_collator_test" end time: Apr 29 15:44 CST
"mapping_sensor_collator_test" time elapsed: 00:00:00
----------------------------------------------------------

12/40 Testing: mapping_sparse_pose_graph_test
12/40 Test: mapping_sparse_pose_graph_test
Command: "/home/nvidia/git/repos/ros/catkin_ws/src/cartographer/cartographer/build/cartographer/mapping/mapping_sparse_pose_graph_test"
Directory: /home/nvidia/git/repos/ros/catkin_ws/src/cartographer/cartographer/build/cartographer/mapping
"mapping_sparse_pose_graph_test" start time: Apr 29 15:44 CST
Output:
----------------------------------------------------------
Running main() from gmock_main.cc
[==========] Running 1 test from 1 test case.
[----------] Global test environment set-up.
[----------] 1 test from SparsePoseGraphTest
[ RUN      ] SparsePoseGraphTest.SplitTrajectoryNodes
[       OK ] SparsePoseGraphTest.SplitTrajectoryNodes (1 ms)
[----------] 1 test from SparsePoseGraphTest (1 ms total)

[----------] Global test environment tear-down
[==========] 1 test from 1 test case ran. (1 ms total)
[  PASSED  ] 1 test.
<end of output>
Test time =   0.04 sec
----------------------------------------------------------
Test Passed.
"mapping_sparse_pose_graph_test" end time: Apr 29 15:44 CST
"mapping_sparse_pose_graph_test" time elapsed: 00:00:00
----------------------------------------------------------

13/40 Testing: mapping_submaps_test
13/40 Test: mapping_submaps_test
Command: "/home/nvidia/git/repos/ros/catkin_ws/src/cartographer/cartographer/build/cartographer/mapping/mapping_submaps_test"
Directory: /home/nvidia/git/repos/ros/catkin_ws/src/cartographer/cartographer/build/cartographer/mapping
"mapping_submaps_test" start time: Apr 29 15:44 CST
Output:
----------------------------------------------------------
Running main() from gmock_main.cc
[==========] Running 1 test from 1 test case.
[----------] Global test environment set-up.
[----------] 1 test from SubmapsTest
[ RUN      ] SubmapsTest.LogOddsConversions
[       OK ] SubmapsTest.LogOddsConversions (0 ms)
[----------] 1 test from SubmapsTest (0 ms total)

[----------] Global test environment tear-down
[==========] 1 test from 1 test case ran. (0 ms total)
[  PASSED  ] 1 test.
<end of output>
Test time =   0.02 sec
----------------------------------------------------------
Test Passed.
"mapping_submaps_test" end time: Apr 29 15:44 CST
"mapping_submaps_test" time elapsed: 00:00:00
----------------------------------------------------------

14/40 Testing: mapping_trajectory_connectivity_test
14/40 Test: mapping_trajectory_connectivity_test
Command: "/home/nvidia/git/repos/ros/catkin_ws/src/cartographer/cartographer/build/cartographer/mapping/mapping_trajectory_connectivity_test"
Directory: /home/nvidia/git/repos/ros/catkin_ws/src/cartographer/cartographer/build/cartographer/mapping
"mapping_trajectory_connectivity_test" start time: Apr 29 15:44 CST
Output:
----------------------------------------------------------
Running main() from gmock_main.cc
[==========] Running 4 tests from 1 test case.
[----------] Global test environment set-up.
[----------] 4 tests from TrajectoryConnectivityTest
[ RUN      ] TrajectoryConnectivityTest.TransitivelyConnected
WARNING: Logging before InitGoogleLogging() is written to STDERR
I0429 15:44:31.291589 10056 submaps.cc:176] Added submap 1
I0429 15:44:31.295722 10056 submaps.cc:176] Added submap 1
I0429 15:44:31.299556 10056 submaps.cc:176] Added submap 1
I0429 15:44:31.302917 10056 submaps.cc:176] Added submap 1
I0429 15:44:31.306186 10056 submaps.cc:176] Added submap 1
I0429 15:44:31.309686 10056 submaps.cc:176] Added submap 1
I0429 15:44:31.312855 10056 submaps.cc:176] Added submap 1
I0429 15:44:31.315526 10056 submaps.cc:176] Added submap 1
I0429 15:44:31.317903 10056 submaps.cc:176] Added submap 1
I0429 15:44:31.319921 10056 submaps.cc:176] Added submap 1
[       OK ] TrajectoryConnectivityTest.TransitivelyConnected (33 ms)
[ RUN      ] TrajectoryConnectivityTest.EmptyConnectedComponents
I0429 15:44:31.322743 10056 submaps.cc:176] Added submap 1
I0429 15:44:31.324539 10056 submaps.cc:176] Added submap 1
I0429 15:44:31.326257 10056 submaps.cc:176] Added submap 1
I0429 15:44:31.327872 10056 submaps.cc:176] Added submap 1
I0429 15:44:31.329540 10056 submaps.cc:176] Added submap 1
I0429 15:44:31.331197 10056 submaps.cc:176] Added submap 1
I0429 15:44:31.332865 10056 submaps.cc:176] Added submap 1
I0429 15:44:31.334550 10056 submaps.cc:176] Added submap 1
I0429 15:44:31.336179 10056 submaps.cc:176] Added submap 1
I0429 15:44:31.337805 10056 submaps.cc:176] Added submap 1
[       OK ] TrajectoryConnectivityTest.EmptyConnectedComponents (17 ms)
[ RUN      ] TrajectoryConnectivityTest.ConnectedComponents
I0429 15:44:31.340101 10056 submaps.cc:176] Added submap 1
I0429 15:44:31.341791 10056 submaps.cc:176] Added submap 1
I0429 15:44:31.343462 10056 submaps.cc:176] Added submap 1
I0429 15:44:31.345108 10056 submaps.cc:176] Added submap 1
I0429 15:44:31.346719 10056 submaps.cc:176] Added submap 1
I0429 15:44:31.348333 10056 submaps.cc:176] Added submap 1
I0429 15:44:31.349969 10056 submaps.cc:176] Added submap 1
I0429 15:44:31.351550 10056 submaps.cc:176] Added submap 1
I0429 15:44:31.353195 10056 submaps.cc:176] Added submap 1
I0429 15:44:31.354791 10056 submaps.cc:176] Added submap 1
[       OK ] TrajectoryConnectivityTest.ConnectedComponents (17 ms)
[ RUN      ] TrajectoryConnectivityTest.ConnectionCount
I0429 15:44:31.357123 10056 submaps.cc:176] Added submap 1
I0429 15:44:31.358733 10056 submaps.cc:176] Added submap 1
I0429 15:44:31.360311 10056 submaps.cc:176] Added submap 1
I0429 15:44:31.361917 10056 submaps.cc:176] Added submap 1
I0429 15:44:31.363515 10056 submaps.cc:176] Added submap 1
I0429 15:44:31.365145 10056 submaps.cc:176] Added submap 1
I0429 15:44:31.366767 10056 submaps.cc:176] Added submap 1
I0429 15:44:31.368376 10056 submaps.cc:176] Added submap 1
I0429 15:44:31.369995 10056 submaps.cc:176] Added submap 1
I0429 15:44:31.371613 10056 submaps.cc:176] Added submap 1
[       OK ] TrajectoryConnectivityTest.ConnectionCount (17 ms)
[----------] 4 tests from TrajectoryConnectivityTest (85 ms total)

[----------] Global test environment tear-down
[==========] 4 tests from 1 test case ran. (85 ms total)
[  PASSED  ] 4 tests.
<end of output>
Test time =   0.11 sec
----------------------------------------------------------
Test Passed.
"mapping_trajectory_connectivity_test" end time: Apr 29 15:44 CST
"mapping_trajectory_connectivity_test" time elapsed: 00:00:00
----------------------------------------------------------

15/40 Testing: mapping_2d_laser_fan_inserter_test
15/40 Test: mapping_2d_laser_fan_inserter_test
Command: "/home/nvidia/git/repos/ros/catkin_ws/src/cartographer/cartographer/build/cartographer/mapping_2d/mapping_2d_laser_fan_inserter_test"
Directory: /home/nvidia/git/repos/ros/catkin_ws/src/cartographer/cartographer/build/cartographer/mapping_2d
"mapping_2d_laser_fan_inserter_test" start time: Apr 29 15:44 CST
Output:
----------------------------------------------------------
Running main() from gmock_main.cc
[==========] Running 2 tests from 1 test case.
[----------] Global test environment set-up.
[----------] 2 tests from LaserFanInserterTest
[ RUN      ] LaserFanInserterTest.InsertPointCloud
[       OK ] LaserFanInserterTest.InsertPointCloud (3 ms)
[ RUN      ] LaserFanInserterTest.ProbabilityProgression
[       OK ] LaserFanInserterTest.ProbabilityProgression (3 ms)
[----------] 2 tests from LaserFanInserterTest (6 ms total)

[----------] Global test environment tear-down
[==========] 2 tests from 1 test case ran. (6 ms total)
[  PASSED  ] 2 tests.
<end of output>
Test time =   0.02 sec
----------------------------------------------------------
Test Passed.
"mapping_2d_laser_fan_inserter_test" end time: Apr 29 15:44 CST
"mapping_2d_laser_fan_inserter_test" time elapsed: 00:00:00
----------------------------------------------------------

16/40 Testing: mapping_2d_map_limits_test
16/40 Test: mapping_2d_map_limits_test
Command: "/home/nvidia/git/repos/ros/catkin_ws/src/cartographer/cartographer/build/cartographer/mapping_2d/mapping_2d_map_limits_test"
Directory: /home/nvidia/git/repos/ros/catkin_ws/src/cartographer/cartographer/build/cartographer/mapping_2d
"mapping_2d_map_limits_test" start time: Apr 29 15:44 CST
Output:
----------------------------------------------------------
Running main() from gmock_main.cc
[==========] Running 2 tests from 1 test case.
[----------] Global test environment set-up.
[----------] 2 tests from MapLimitsTest
[ RUN      ] MapLimitsTest.ConstructAndGet
[       OK ] MapLimitsTest.ConstructAndGet (0 ms)
[ RUN      ] MapLimitsTest.ComputeMapLimits
[       OK ] MapLimitsTest.ComputeMapLimits (0 ms)
[----------] 2 tests from MapLimitsTest (0 ms total)

[----------] Global test environment tear-down
[==========] 2 tests from 1 test case ran. (0 ms total)
[  PASSED  ] 2 tests.
<end of output>
Test time =   0.02 sec
----------------------------------------------------------
Test Passed.
"mapping_2d_map_limits_test" end time: Apr 29 15:44 CST
"mapping_2d_map_limits_test" time elapsed: 00:00:00
----------------------------------------------------------

17/40 Testing: mapping_2d_probability_grid_test
17/40 Test: mapping_2d_probability_grid_test
Command: "/home/nvidia/git/repos/ros/catkin_ws/src/cartographer/cartographer/build/cartographer/mapping_2d/mapping_2d_probability_grid_test"
Directory: /home/nvidia/git/repos/ros/catkin_ws/src/cartographer/cartographer/build/cartographer/mapping_2d
"mapping_2d_probability_grid_test" start time: Apr 29 15:44 CST
Output:
----------------------------------------------------------
Running main() from gmock_main.cc
[==========] Running 4 tests from 1 test case.
[----------] Global test environment set-up.
[----------] 4 tests from ProbabilityGridTest
[ RUN      ] ProbabilityGridTest.ApplyOdds
[       OK ] ProbabilityGridTest.ApplyOdds (5 ms)
[ RUN      ] ProbabilityGridTest.GetProbability
[       OK ] ProbabilityGridTest.GetProbability (0 ms)
[ RUN      ] ProbabilityGridTest.GetXYIndexOfCellContainingPoint
[       OK ] ProbabilityGridTest.GetXYIndexOfCellContainingPoint (0 ms)
[ RUN      ] ProbabilityGridTest.CorrectCropping
[       OK ] ProbabilityGridTest.CorrectCropping (3 ms)
[----------] 4 tests from ProbabilityGridTest (8 ms total)

[----------] Global test environment tear-down
[==========] 4 tests from 1 test case ran. (9 ms total)
[  PASSED  ] 4 tests.
<end of output>
Test time =   0.03 sec
----------------------------------------------------------
Test Passed.
"mapping_2d_probability_grid_test" end time: Apr 29 15:44 CST
"mapping_2d_probability_grid_test" time elapsed: 00:00:00
----------------------------------------------------------

18/40 Testing: mapping_2d_sparse_pose_graph_test
18/40 Test: mapping_2d_sparse_pose_graph_test
Command: "/home/nvidia/git/repos/ros/catkin_ws/src/cartographer/cartographer/build/cartographer/mapping_2d/mapping_2d_sparse_pose_graph_test"
Directory: /home/nvidia/git/repos/ros/catkin_ws/src/cartographer/cartographer/build/cartographer/mapping_2d
"mapping_2d_sparse_pose_graph_test" start time: Apr 29 15:44 CST
Output:
----------------------------------------------------------
Running main() from gmock_main.cc
[==========] Running 5 tests from 1 test case.
[----------] Global test environment set-up.
[----------] 5 tests from SparsePoseGraphTest
[ RUN      ] SparsePoseGraphTest.EmptyMap
WARNING: Logging before InitGoogleLogging() is written to STDERR
I0429 15:44:31.493896 10061 submaps.cc:176] Added submap 1
[KOptimizing: Done.     
I0429 15:44:31.495739 10062 constraint_builder.cc:271] 0 computations resulted in 0 additional constraints.
I0429 15:44:31.495877 10062 constraint_builder.cc:273] Score histogram:
Count: 0
[KOptimizing: Done.     
I0429 15:44:31.496090 10062 constraint_builder.cc:271] 0 computations resulted in 0 additional constraints.
I0429 15:44:31.496141 10062 constraint_builder.cc:273] Score histogram:
Count: 0
[       OK ] SparsePoseGraphTest.EmptyMap (8 ms)
[ RUN      ] SparsePoseGraphTest.NoMovement
I0429 15:44:31.500895 10061 submaps.cc:176] Added submap 1
I0429 15:44:31.504700 10061 submaps.cc:176] Added submap 2
I0429 15:44:31.507730 10061 submaps.cc:176] Added submap 3
I0429 15:44:31.510418 10061 submaps.cc:176] Added submap 4
I0429 15:44:31.620796 10063 constraint_builder.cc:249] Scan index 2 with 1257 points on submap 0 differs by translation 0.00 rotation 0.001 with score 56.1% covariance trace 1.3041e-03.
I0429 15:44:31.741514 10063 constraint_builder.cc:249] Scan index 0 with 1257 points on submap 1 differs by translation 0.00 rotation 0.001 with score 56.1% covariance trace 1.3041e-03.
[KOptimizing: Done.     
I0429 15:44:32.511224 10063 constraint_builder.cc:271] 2 computations resulted in 2 additional constraints.
I0429 15:44:32.511587 10063 constraint_builder.cc:273] Score histogram:
Count: 2  Min: 0.561119  Max: 0.561119  Mean: 0.561119
I0429 15:44:32.516625 10061 optimization_problem.cc:179] Intra-submap x^2 + y^2 residual histogram:
Count: 5  Min: 0.000000  Max: 0.000009  Mean: 0.000004
[0.000000, 0.000001)	        ############	Count: 3 (60.000000%)	Total: 3 (60.000000%)
[0.000001, 0.000002)	                    	Count: 0 (0.000000%)	Total: 3 (60.000000%)
[0.000002, 0.000003)	                    	Count: 0 (0.000000%)	Total: 3 (60.000000%)
[0.000003, 0.000004)	                    	Count: 0 (0.000000%)	Total: 3 (60.000000%)
[0.000004, 0.000004)	                    	Count: 0 (0.000000%)	Total: 3 (60.000000%)
[0.000004, 0.000005)	                    	Count: 0 (0.000000%)	Total: 3 (60.000000%)
[0.000005, 0.000006)	                    	Count: 0 (0.000000%)	Total: 3 (60.000000%)
[0.000006, 0.000007)	                    	Count: 0 (0.000000%)	Total: 3 (60.000000%)
[0.000007, 0.000008)	                    	Count: 0 (0.000000%)	Total: 3 (60.000000%)
[0.000008, 0.000009]	            ########	Count: 2 (40.000000%)	Total: 5 (100.000000%)
I0429 15:44:32.517349 10061 optimization_problem.cc:181] Intra-submap theta^2 residual histogram:
Count: 5  Min: 0.000000  Max: 0.000002  Mean: 0.000001
[0.000000, 0.000000)	        ############	Count: 3 (60.000000%)	Total: 3 (60.000000%)
[0.000000, 0.000000)	                    	Count: 0 (0.000000%)	Total: 3 (60.000000%)
[0.000000, 0.000001)	                    	Count: 0 (0.000000%)	Total: 3 (60.000000%)
[0.000001, 0.000001)	                    	Count: 0 (0.000000%)	Total: 3 (60.000000%)
[0.000001, 0.000001)	                    	Count: 0 (0.000000%)	Total: 3 (60.000000%)
[0.000001, 0.000001)	                    	Count: 0 (0.000000%)	Total: 3 (60.000000%)
[0.000001, 0.000002)	                    	Count: 0 (0.000000%)	Total: 3 (60.000000%)
[0.000002, 0.000002)	                    	Count: 0 (0.000000%)	Total: 3 (60.000000%)
[0.000002, 0.000002)	                    	Count: 0 (0.000000%)	Total: 3 (60.000000%)
[0.000002, 0.000002]	            ########	Count: 2 (40.000000%)	Total: 5 (100.000000%)
I0429 15:44:32.517719 10061 optimization_problem.cc:183] Inter-submap x^2 + y^2 residual histogram:
Count: 2  Min: 0.000000  Max: 0.000000  Mean: 0.000000
[0.000000, 0.000000)	          ##########	Count: 1 (50.000000%)	Total: 1 (50.000000%)
[0.000000, 0.000000)	                    	Count: 0 (0.000000%)	Total: 1 (50.000000%)
[0.000000, 0.000000)	                    	Count: 0 (0.000000%)	Total: 1 (50.000000%)
[0.000000, 0.000000)	                    	Count: 0 (0.000000%)	Total: 1 (50.000000%)
[0.000000, 0.000000)	                    	Count: 0 (0.000000%)	Total: 1 (50.000000%)
[0.000000, 0.000000)	                    	Count: 0 (0.000000%)	Total: 1 (50.000000%)
[0.000000, 0.000000)	                    	Count: 0 (0.000000%)	Total: 1 (50.000000%)
[0.000000, 0.000000)	                    	Count: 0 (0.000000%)	Total: 1 (50.000000%)
[0.000000, 0.000000)	                    	Count: 0 (0.000000%)	Total: 1 (50.000000%)
[0.000000, 0.000000]	          ##########	Count: 1 (50.000000%)	Total: 2 (100.000000%)
I0429 15:44:32.518054 10061 optimization_problem.cc:185] Inter-submap theta^2 residual histogram:
Count: 2  Min: 0.000000  Max: 0.000000  Mean: 0.000000
[0.000000, 0.000000)	          ##########	Count: 1 (50.000000%)	Total: 1 (50.000000%)
[0.000000, 0.000000)	                    	Count: 0 (0.000000%)	Total: 1 (50.000000%)
[0.000000, 0.000000)	                    	Count: 0 (0.000000%)	Total: 1 (50.000000%)
[0.000000, 0.000000)	                    	Count: 0 (0.000000%)	Total: 1 (50.000000%)
[0.000000, 0.000000)	                    	Count: 0 (0.000000%)	Total: 1 (50.000000%)
[0.000000, 0.000000)	                    	Count: 0 (0.000000%)	Total: 1 (50.000000%)
[0.000000, 0.000000)	                    	Count: 0 (0.000000%)	Total: 1 (50.000000%)
[0.000000, 0.000000)	                    	Count: 0 (0.000000%)	Total: 1 (50.000000%)
[0.000000, 0.000000)	                    	Count: 0 (0.000000%)	Total: 1 (50.000000%)
[0.000000, 0.000000]	          ##########	Count: 1 (50.000000%)	Total: 2 (100.000000%)
I0429 15:44:32.519352 10061 optimization_problem.cc:193] 
Solver Summary (v 1.11.0-eigen-(3.2.92)-lapack-suitesparse-(4.4.6)-openmp)

                                     Original                  Reduced
Parameter blocks                            6                        5
Parameters                                 18                       15
Residual blocks                             9                        9
Residual                                   27                       27

Minimizer                        TRUST_REGION

Sparse linear algebra library    SUITE_SPARSE
Trust region strategy     LEVENBERG_MARQUARDT

                                        Given                     Used
Linear solver          SPARSE_NORMAL_CHOLESKY   SPARSE_NORMAL_CHOLESKY
Threads                                     1                        1
Linear solver threads                       1                        1

Cost:
Initial                          1.109971e-05
Final                            1.109971e-05
Change                           0.000000e+00

Minimizer iterations                        0
Successful steps                            0
Unsuccessful steps                          0

Time (in seconds):
Preprocessor                           0.0003

  Residual evaluation                  0.0000
  Jacobian evaluation                  0.0001
  Linear solver                        0.0003
Minimizer                              0.0006

Postprocessor                          0.0000
Total                                  0.0009

Termination:                      CONVERGENCE (Function tolerance reached. |cost_change|/cost: 8.579984e-08 <= 1.000000e-06)
[KOptimizing: Done.     
I0429 15:44:32.520436 10063 constraint_builder.cc:271] 0 computations resulted in 0 additional constraints.
I0429 15:44:32.520563 10063 constraint_builder.cc:273] Score histogram:
Count: 2  Min: 0.561119  Max: 0.561119  Mean: 0.561119
[       OK ] SparsePoseGraphTest.NoMovement (1027 ms)
[ RUN      ] SparsePoseGraphTest.NoOverlappingScans
I0429 15:44:32.534837 10061 submaps.cc:176] Added submap 1
I0429 15:44:32.546098 10061 submaps.cc:176] Added submap 2
I0429 15:44:32.562425 10061 submaps.cc:176] Added submap 3
I0429 15:44:32.578481 10061 submaps.cc:176] Added submap 4
I0429 15:44:32.594168 10061 submaps.cc:176] Added submap 5
I0429 15:44:32.730000 10064 constraint_builder.cc:249] Scan index 0 with 1257 points on submap 1 differs by translation 0.01 rotation 0.001 with score 56.1% covariance trace 7.9263e-03.
I0429 15:44:32.910876 10064 constraint_builder.cc:249] Scan index 0 with 1257 points on submap 2 differs by translation 0.01 rotation 0.001 with score 56.1% covariance trace 6.7093e-03.
I0429 15:44:33.178099 10064 constraint_builder.cc:249] Scan index 1 with 1257 points on submap 2 differs by translation 0.01 rotation 0.001 with score 56.1% covariance trace 9.3728e-03.
[KOptimizing: Done.     
I0429 15:44:33.595049 10064 constraint_builder.cc:271] 3 computations resulted in 3 additional constraints.
I0429 15:44:33.595391 10064 constraint_builder.cc:273] Score histogram:
Count: 3  Min: 0.561176  Max: 0.561176  Mean: 0.561176
I0429 15:44:33.600554 10061 optimization_problem.cc:179] Intra-submap x^2 + y^2 residual histogram:
Count: 7  Min: 0.000000  Max: 0.000049  Mean: 0.000009
[0.000000, 0.000005)	         ###########	Count: 4 (57.142857%)	Total: 4 (57.142857%)
[0.000005, 0.000010)	              ######	Count: 2 (28.571428%)	Total: 6 (85.714287%)
[0.000010, 0.000015)	                    	Count: 0 (0.000000%)	Total: 6 (85.714287%)
[0.000015, 0.000020)	                    	Count: 0 (0.000000%)	Total: 6 (85.714287%)
[0.000020, 0.000024)	                    	Count: 0 (0.000000%)	Total: 6 (85.714287%)
[0.000024, 0.000029)	                    	Count: 0 (0.000000%)	Total: 6 (85.714287%)
[0.000029, 0.000034)	                    	Count: 0 (0.000000%)	Total: 6 (85.714287%)
[0.000034, 0.000039)	                    	Count: 0 (0.000000%)	Total: 6 (85.714287%)
[0.000039, 0.000044)	                    	Count: 0 (0.000000%)	Total: 6 (85.714287%)
[0.000044, 0.000049]	                 ###	Count: 1 (14.285714%)	Total: 7 (100.000000%)
I0429 15:44:33.601143 10061 optimization_problem.cc:181] Intra-submap theta^2 residual histogram:
Count: 7  Min: 0.000000  Max: 0.000001  Mean: 0.000000
[0.000000, 0.000000)	         ###########	Count: 4 (57.142857%)	Total: 4 (57.142857%)
[0.000000, 0.000000)	                 ###	Count: 1 (14.285714%)	Total: 5 (71.428574%)
[0.000000, 0.000000)	                 ###	Count: 1 (14.285714%)	Total: 6 (85.714287%)
[0.000000, 0.000000)	                    	Count: 0 (0.000000%)	Total: 6 (85.714287%)
[0.000000, 0.000000)	                    	Count: 0 (0.000000%)	Total: 6 (85.714287%)
[0.000000, 0.000000)	                    	Count: 0 (0.000000%)	Total: 6 (85.714287%)
[0.000000, 0.000000)	                    	Count: 0 (0.000000%)	Total: 6 (85.714287%)
[0.000000, 0.000000)	                    	Count: 0 (0.000000%)	Total: 6 (85.714287%)
[0.000000, 0.000000)	                    	Count: 0 (0.000000%)	Total: 6 (85.714287%)
[0.000000, 0.000001]	                 ###	Count: 1 (14.285714%)	Total: 7 (100.000000%)
I0429 15:44:33.601610 10061 optimization_problem.cc:183] Inter-submap x^2 + y^2 residual histogram:
Count: 3  Min: 0.000000  Max: 0.000000  Mean: 0.000000
[0.000000, 0.000000)	             #######	Count: 1 (33.333332%)	Total: 1 (33.333332%)
[0.000000, 0.000000)	                    	Count: 0 (0.000000%)	Total: 1 (33.333332%)
[0.000000, 0.000000)	                    	Count: 0 (0.000000%)	Total: 1 (33.333332%)
[0.000000, 0.000000)	                    	Count: 0 (0.000000%)	Total: 1 (33.333332%)
[0.000000, 0.000000)	                    	Count: 0 (0.000000%)	Total: 1 (33.333332%)
[0.000000, 0.000000)	                    	Count: 0 (0.000000%)	Total: 1 (33.333332%)
[0.000000, 0.000000)	                    	Count: 0 (0.000000%)	Total: 1 (33.333332%)
[0.000000, 0.000000)	                    	Count: 0 (0.000000%)	Total: 1 (33.333332%)
[0.000000, 0.000000)	             #######	Count: 1 (33.333332%)	Total: 2 (66.666664%)
[0.000000, 0.000000]	             #######	Count: 1 (33.333332%)	Total: 3 (100.000000%)
I0429 15:44:33.601980 10061 optimization_problem.cc:185] Inter-submap theta^2 residual histogram:
Count: 3  Min: 0.000000  Max: 0.000000  Mean: 0.000000
[0.000000, 0.000000)	             #######	Count: 1 (33.333332%)	Total: 1 (33.333332%)
[0.000000, 0.000000)	                    	Count: 0 (0.000000%)	Total: 1 (33.333332%)
[0.000000, 0.000000)	                    	Count: 0 (0.000000%)	Total: 1 (33.333332%)
[0.000000, 0.000000)	                    	Count: 0 (0.000000%)	Total: 1 (33.333332%)
[0.000000, 0.000000)	                    	Count: 0 (0.000000%)	Total: 1 (33.333332%)
[0.000000, 0.000000)	             #######	Count: 1 (33.333332%)	Total: 2 (66.666664%)
[0.000000, 0.000000)	                    	Count: 0 (0.000000%)	Total: 2 (66.666664%)
[0.000000, 0.000000)	                    	Count: 0 (0.000000%)	Total: 2 (66.666664%)
[0.000000, 0.000000)	                    	Count: 0 (0.000000%)	Total: 2 (66.666664%)
[0.000000, 0.000000]	             #######	Count: 1 (33.333332%)	Total: 3 (100.000000%)
I0429 15:44:33.603456 10061 optimization_problem.cc:193] 
Solver Summary (v 1.11.0-eigen-(3.2.92)-lapack-suitesparse-(4.4.6)-openmp)

                                     Original                  Reduced
Parameter blocks                            8                        7
Parameters                                 24                       21
Residual blocks                            13                       13
Residual                                   39                       39

Minimizer                        TRUST_REGION

Sparse linear algebra library    SUITE_SPARSE
Trust region strategy     LEVENBERG_MARQUARDT

                                        Given                     Used
Linear solver          SPARSE_NORMAL_CHOLESKY   SPARSE_NORMAL_CHOLESKY
Threads                                     1                        1
Linear solver threads                       1                        1

Cost:
Initial                          3.303929e-05
Final                            3.303929e-05
Change                           0.000000e+00

Minimizer iterations                        0
Successful steps                            0
Unsuccessful steps                          0

Time (in seconds):
Preprocessor                           0.0003

  Residual evaluation                  0.0000
  Jacobian evaluation                  0.0002
  Linear solver                        0.0003
Minimizer                              0.0007

Postprocessor                          0.0000
Total                                  0.0011

Termination:                      CONVERGENCE (Function tolerance reached. |cost_change|/cost: 1.137205e-09 <= 1.000000e-06)
[KOptimizing: Done.     
I0429 15:44:33.604475 10064 constraint_builder.cc:271] 0 computations resulted in 0 additional constraints.
I0429 15:44:33.604605 10064 constraint_builder.cc:273] Score histogram:
Count: 3  Min: 0.561176  Max: 0.561176  Mean: 0.561176
[       OK ] SparsePoseGraphTest.NoOverlappingScans (1082 ms)
[ RUN      ] SparsePoseGraphTest.ConsecutivelyOverlappingScans
I0429 15:44:33.613884 10061 submaps.cc:176] Added submap 1
I0429 15:44:33.620687 10061 submaps.cc:176] Added submap 2
I0429 15:44:33.631979 10061 submaps.cc:176] Added submap 3
I0429 15:44:33.643519 10061 submaps.cc:176] Added submap 4
I0429 15:44:33.654139 10061 submaps.cc:176] Added submap 5
I0429 15:44:33.665141 10061 submaps.cc:176] Added submap 6
I0429 15:44:33.746445 10065 constraint_builder.cc:249] Scan index 0 with 1257 points on submap 1 differs by translation 0.01 rotation 0.001 with score 56.1% covariance trace 3.2532e-03.
I0429 15:44:33.818006 10065 constraint_builder.cc:249] Scan index 0 with 1257 points on submap 2 differs by translation 0.01 rotation 0.001 with score 56.1% covariance trace 2.9574e-03.
I0429 15:44:33.916713 10065 constraint_builder.cc:249] Scan index 1 with 1257 points on submap 2 differs by translation 0.01 rotation 0.002 with score 56.1% covariance trace 5.5765e-03.
I0429 15:44:33.990813 10065 constraint_builder.cc:249] Scan index 0 with 1257 points on submap 3 differs by translation 0.01 rotation 0.001 with score 56.1% covariance trace 4.1858e-03.
I0429 15:44:34.084318 10065 constraint_builder.cc:249] Scan index 1 with 1257 points on submap 3 differs by translation 0.01 rotation 0.001 with score 56.1% covariance trace 6.9498e-03.
I0429 15:44:34.193948 10065 constraint_builder.cc:249] Scan index 2 with 1257 points on submap 3 differs by translation 0.01 rotation 0.001 with score 56.1% covariance trace 8.6679e-03.
[KOptimizing: Done.     
I0429 15:44:34.665822 10065 constraint_builder.cc:271] 6 computations resulted in 6 additional constraints.
I0429 15:44:34.666066 10065 constraint_builder.cc:273] Score histogram:
Count: 6  Min: 0.561176  Max: 0.561176  Mean: 0.561176
I0429 15:44:34.672281 10061 optimization_problem.cc:179] Intra-submap x^2 + y^2 residual histogram:
Count: 9  Min: 0.000000  Max: 0.000082  Mean: 0.000021
[0.000000, 0.000008)	       #############	Count: 6 (66.666664%)	Total: 6 (66.666664%)
[0.000008, 0.000016)	                    	Count: 0 (0.000000%)	Total: 6 (66.666664%)
[0.000016, 0.000025)	                    	Count: 0 (0.000000%)	Total: 6 (66.666664%)
[0.000025, 0.000033)	                    	Count: 0 (0.000000%)	Total: 6 (66.666664%)
[0.000033, 0.000041)	                    	Count: 0 (0.000000%)	Total: 6 (66.666664%)
[0.000041, 0.000049)	                  ##	Count: 1 (11.111111%)	Total: 7 (77.777779%)
[0.000049, 0.000057)	                  ##	Count: 1 (11.111111%)	Total: 8 (88.888885%)
[0.000057, 0.000065)	                    	Count: 0 (0.000000%)	Total: 8 (88.888885%)
[0.000065, 0.000074)	                    	Count: 0 (0.000000%)	Total: 8 (88.888885%)
[0.000074, 0.000082]	                  ##	Count: 1 (11.111111%)	Total: 9 (100.000000%)
I0429 15:44:34.672878 10061 optimization_problem.cc:181] Intra-submap theta^2 residual histogram:
Count: 9  Min: 0.000000  Max: 0.000001  Mean: 0.000000
[0.000000, 0.000000)	    ################	Count: 7 (77.777779%)	Total: 7 (77.777779%)
[0.000000, 0.000000)	                    	Count: 0 (0.000000%)	Total: 7 (77.777779%)
[0.000000, 0.000000)	                    	Count: 0 (0.000000%)	Total: 7 (77.777779%)
[0.000000, 0.000000)	                  ##	Count: 1 (11.111111%)	Total: 8 (88.888885%)
[0.000000, 0.000000)	                    	Count: 0 (0.000000%)	Total: 8 (88.888885%)
[0.000000, 0.000001)	                    	Count: 0 (0.000000%)	Total: 8 (88.888885%)
[0.000001, 0.000001)	                    	Count: 0 (0.000000%)	Total: 8 (88.888885%)
[0.000001, 0.000001)	                    	Count: 0 (0.000000%)	Total: 8 (88.888885%)
[0.000001, 0.000001)	                    	Count: 0 (0.000000%)	Total: 8 (88.888885%)
[0.000001, 0.000001]	                  ##	Count: 1 (11.111111%)	Total: 9 (100.000000%)
I0429 15:44:34.673323 10061 optimization_problem.cc:183] Inter-submap x^2 + y^2 residual histogram:
Count: 6  Min: 0.000000  Max: 0.000003  Mean: 0.000001
[0.000000, 0.000000)	             #######	Count: 2 (33.333332%)	Total: 2 (33.333332%)
[0.000000, 0.000001)	                 ###	Count: 1 (16.666666%)	Total: 3 (50.000000%)
[0.000001, 0.000001)	                    	Count: 0 (0.000000%)	Total: 3 (50.000000%)
[0.000001, 0.000001)	                    	Count: 0 (0.000000%)	Total: 3 (50.000000%)
[0.000001, 0.000001)	                    	Count: 0 (0.000000%)	Total: 3 (50.000000%)
[0.000001, 0.000002)	                 ###	Count: 1 (16.666666%)	Total: 4 (66.666664%)
[0.000002, 0.000002)	                 ###	Count: 1 (16.666666%)	Total: 5 (83.333336%)
[0.000002, 0.000002)	                    	Count: 0 (0.000000%)	Total: 5 (83.333336%)
[0.000002, 0.000002)	                    	Count: 0 (0.000000%)	Total: 5 (83.333336%)
[0.000002, 0.000003]	                 ###	Count: 1 (16.666666%)	Total: 6 (100.000000%)
I0429 15:44:34.673694 10061 optimization_problem.cc:185] Inter-submap theta^2 residual histogram:
Count: 6  Min: 0.000000  Max: 0.000010  Mean: 0.000004
[0.000000, 0.000001)	             #######	Count: 2 (33.333332%)	Total: 2 (33.333332%)
[0.000001, 0.000002)	                    	Count: 0 (0.000000%)	Total: 2 (33.333332%)
[0.000002, 0.000003)	                 ###	Count: 1 (16.666666%)	Total: 3 (50.000000%)
[0.000003, 0.000004)	                 ###	Count: 1 (16.666666%)	Total: 4 (66.666664%)
[0.000004, 0.000005)	                    	Count: 0 (0.000000%)	Total: 4 (66.666664%)
[0.000005, 0.000006)	                    	Count: 0 (0.000000%)	Total: 4 (66.666664%)
[0.000006, 0.000007)	                    	Count: 0 (0.000000%)	Total: 4 (66.666664%)
[0.000007, 0.000008)	                 ###	Count: 1 (16.666666%)	Total: 5 (83.333336%)
[0.000008, 0.000009)	                    	Count: 0 (0.000000%)	Total: 5 (83.333336%)
[0.000009, 0.000010]	                 ###	Count: 1 (16.666666%)	Total: 6 (100.000000%)
I0429 15:44:34.675395 10061 optimization_problem.cc:193] 
Solver Summary (v 1.11.0-eigen-(3.2.92)-lapack-suitesparse-(4.4.6)-openmp)

                                     Original                  Reduced
Parameter blocks                           10                        9
Parameters                                 30                       27
Residual blocks                            19                       19
Residual                                   57                       57

Minimizer                        TRUST_REGION

Sparse linear algebra library    SUITE_SPARSE
Trust region strategy     LEVENBERG_MARQUARDT

                                        Given                     Used
Linear solver          SPARSE_NORMAL_CHOLESKY   SPARSE_NORMAL_CHOLESKY
Threads                                     1                        1
Linear solver threads                       1                        1

Cost:
Initial                          1.126570e-04
Final                            1.126570e-04
Change                           0.000000e+00

Minimizer iterations                        0
Successful steps                            0
Unsuccessful steps                          0

Time (in seconds):
Preprocessor                           0.0004

  Residual evaluation                  0.0000
  Jacobian evaluation                  0.0002
  Linear solver                        0.0004
Minimizer                              0.0009

Postprocessor                          0.0000
Total                                  0.0013

Termination:                      CONVERGENCE (Function tolerance reached. |cost_change|/cost: 1.787213e-08 <= 1.000000e-06)
[KOptimizing: Done.     
I0429 15:44:34.676435 10065 constraint_builder.cc:271] 0 computations resulted in 0 additional constraints.
I0429 15:44:34.676559 10065 constraint_builder.cc:273] Score histogram:
Count: 6  Min: 0.561176  Max: 0.561176  Mean: 0.561176
[       OK ] SparsePoseGraphTest.ConsecutivelyOverlappingScans (1072 ms)
[ RUN      ] SparsePoseGraphTest.OverlappingScans
I0429 15:44:34.686455 10061 submaps.cc:176] Added submap 1
I0429 15:44:34.693312 10061 submaps.cc:176] Added submap 2
I0429 15:44:34.699589 10061 submaps.cc:176] Added submap 3
I0429 15:44:34.706212 10061 submaps.cc:176] Added submap 4
I0429 15:44:34.711678 10061 submaps.cc:176] Added submap 5
I0429 15:44:34.716912 10061 submaps.cc:176] Added submap 6
I0429 15:44:34.797345 10066 constraint_builder.cc:249] Scan index 2 with 1257 points on submap 0 differs by translation 0.09 rotation 0.010 with score 52.1% covariance trace 2.0553e-03.
I0429 15:44:34.861649 10066 constraint_builder.cc:249] Scan index 3 with 1257 points on submap 0 differs by translation 0.12 rotation 0.105 with score 52.2% covariance trace 1.9577e-03.
I0429 15:44:34.938184 10066 constraint_builder.cc:249] Scan index 0 with 1257 points on submap 1 differs by translation 0.11 rotation 0.116 with score 53.2% covariance trace 1.6396e-03.
I0429 15:44:35.003069 10066 constraint_builder.cc:249] Scan index 3 with 1257 points on submap 1 differs by translation 0.11 rotation 0.012 with score 52.6% covariance trace 1.3352e-03.
I0429 15:44:35.070683 10066 constraint_builder.cc:249] Scan index 4 with 1257 points on submap 0 differs by translation 0.11 rotation 0.031 with score 51.3% covariance trace 8.3522e-04.
I0429 15:44:35.136418 10066 constraint_builder.cc:249] Scan index 4 with 1257 points on submap 1 differs by translation 0.11 rotation 0.027 with score 51.2% covariance trace 1.4186e-03.
I0429 15:44:35.211522 10066 constraint_builder.cc:249] Scan index 0 with 1257 points on submap 2 differs by translation 0.08 rotation 0.008 with score 52.3% covariance trace 1.8621e-03.
I0429 15:44:35.286447 10066 constraint_builder.cc:249] Scan index 1 with 1257 points on submap 2 differs by translation 0.11 rotation 0.007 with score 51.7% covariance trace 2.1047e-03.
I0429 15:44:35.370420 10066 constraint_builder.cc:249] Scan index 4 with 1257 points on submap 2 differs by translation 0.08 rotation 0.037 with score 50.9% covariance trace 1.7283e-03.
I0429 15:44:35.445612 10066 constraint_builder.cc:249] Scan index 0 with 1257 points on submap 3 differs by translation 0.01 rotation 0.106 with score 53.4% covariance trace 3.1570e-03.
I0429 15:44:35.508875 10066 constraint_builder.cc:249] Scan index 1 with 1257 points on submap 3 differs by translation 0.11 rotation 0.006 with score 53.4% covariance trace 2.8379e-03.
I0429 15:44:35.577489 10066 constraint_builder.cc:249] Scan index 2 with 1257 points on submap 3 differs by translation 0.17 rotation 0.097 with score 53.1% covariance trace 2.7566e-03.
[KOptimizing: Done.     
I0429 15:44:35.717579 10066 constraint_builder.cc:271] 12 computations resulted in 12 additional constraints.
I0429 15:44:35.717788 10066 constraint_builder.cc:273] Score histogram:
Count: 12  Min: 0.508552  Max: 0.534354  Mean: 0.522810
[0.508552, 0.511132)	                  ##	Count: 1 (8.333333%)	Total: 1 (8.333333%)
[0.511132, 0.513712)	                 ###	Count: 2 (16.666666%)	Total: 3 (25.000000%)
[0.513712, 0.516292)	                    	Count: 0 (0.000000%)	Total: 3 (25.000000%)
[0.516292, 0.518873)	                  ##	Count: 1 (8.333333%)	Total: 4 (33.333332%)
[0.518873, 0.521453)	                  ##	Count: 1 (8.333333%)	Total: 5 (41.666668%)
[0.521453, 0.524033)	                 ###	Count: 2 (16.666666%)	Total: 7 (58.333332%)
[0.524033, 0.526613)	                  ##	Count: 1 (8.333333%)	Total: 8 (66.666664%)
[0.526613, 0.529193)	                    	Count: 0 (0.000000%)	Total: 8 (66.666664%)
[0.529193, 0.531774)	                  ##	Count: 1 (8.333333%)	Total: 9 (75.000000%)
[0.531774, 0.534354]	               #####	Count: 3 (25.000000%)	Total: 12 (100.000000%)
I0429 15:44:35.733824 10061 optimization_problem.cc:179] Intra-submap x^2 + y^2 residual histogram:
Count: 9  Min: 0.000000  Max: 0.030901  Mean: 0.008481
[0.000000, 0.003090)	           #########	Count: 4 (44.444443%)	Total: 4 (44.444443%)
[0.003090, 0.006180)	                  ##	Count: 1 (11.111111%)	Total: 5 (55.555557%)
[0.006180, 0.009270)	                  ##	Count: 1 (11.111111%)	Total: 6 (66.666664%)
[0.009270, 0.012360)	                  ##	Count: 1 (11.111111%)	Total: 7 (77.777779%)
[0.012360, 0.015450)	                    	Count: 0 (0.000000%)	Total: 7 (77.777779%)
[0.015450, 0.018540)	                    	Count: 0 (0.000000%)	Total: 7 (77.777779%)
[0.018540, 0.021631)	                  ##	Count: 1 (11.111111%)	Total: 8 (88.888885%)
[0.021631, 0.024721)	                    	Count: 0 (0.000000%)	Total: 8 (88.888885%)
[0.024721, 0.027811)	                    	Count: 0 (0.000000%)	Total: 8 (88.888885%)
[0.027811, 0.030901]	                  ##	Count: 1 (11.111111%)	Total: 9 (100.000000%)
I0429 15:44:35.734225 10061 optimization_problem.cc:181] Intra-submap theta^2 residual histogram:
Count: 9  Min: 0.000000  Max: 0.009430  Mean: 0.002741
[0.000000, 0.000943)	         ###########	Count: 5 (55.555557%)	Total: 5 (55.555557%)
[0.000943, 0.001886)	                  ##	Count: 1 (11.111111%)	Total: 6 (66.666664%)
[0.001886, 0.002829)	                    	Count: 0 (0.000000%)	Total: 6 (66.666664%)
[0.002829, 0.003772)	                    	Count: 0 (0.000000%)	Total: 6 (66.666664%)
[0.003772, 0.004715)	                    	Count: 0 (0.000000%)	Total: 6 (66.666664%)
[0.004715, 0.005658)	                    	Count: 0 (0.000000%)	Total: 6 (66.666664%)
[0.005658, 0.006601)	                  ##	Count: 1 (11.111111%)	Total: 7 (77.777779%)
[0.006601, 0.007544)	                  ##	Count: 1 (11.111111%)	Total: 8 (88.888885%)
[0.007544, 0.008487)	                    	Count: 0 (0.000000%)	Total: 8 (88.888885%)
[0.008487, 0.009430]	                  ##	Count: 1 (11.111111%)	Total: 9 (100.000000%)
I0429 15:44:35.734493 10061 optimization_problem.cc:183] Inter-submap x^2 + y^2 residual histogram:
Count: 12  Min: 0.057207  Max: 53.465965  Mean: 6.166780
[0.057207, 5.398083)	     ###############	Count: 9 (75.000000%)	Total: 9 (75.000000%)
[5.398083, 10.738959)	                 ###	Count: 2 (16.666666%)	Total: 11 (91.666664%)
[10.738959, 16.079834)	                    	Count: 0 (0.000000%)	Total: 11 (91.666664%)
[16.079834, 21.420712)	                    	Count: 0 (0.000000%)	Total: 11 (91.666664%)
[21.420712, 26.761587)	                    	Count: 0 (0.000000%)	Total: 11 (91.666664%)
[26.761587, 32.102463)	                    	Count: 0 (0.000000%)	Total: 11 (91.666664%)
[32.102463, 37.443336)	                    	Count: 0 (0.000000%)	Total: 11 (91.666664%)
[37.443336, 42.784214)	                    	Count: 0 (0.000000%)	Total: 11 (91.666664%)
[42.784214, 48.125092)	                    	Count: 0 (0.000000%)	Total: 11 (91.666664%)
[48.125092, 53.465965]	                  ##	Count: 1 (8.333333%)	Total: 12 (100.000000%)
I0429 15:44:35.734773 10061 optimization_problem.cc:185] Inter-submap theta^2 residual histogram:
Count: 12  Min: 0.046958  Max: 15.332634  Mean: 2.696605
[0.046958, 1.575525)	     ###############	Count: 9 (75.000000%)	Total: 9 (75.000000%)
[1.575525, 3.104093)	                    	Count: 0 (0.000000%)	Total: 9 (75.000000%)
[3.104093, 4.632660)	                    	Count: 0 (0.000000%)	Total: 9 (75.000000%)
[4.632660, 6.161228)	                    	Count: 0 (0.000000%)	Total: 9 (75.000000%)
[6.161228, 7.689796)	                  ##	Count: 1 (8.333333%)	Total: 10 (83.333336%)
[7.689796, 9.218363)	                  ##	Count: 1 (8.333333%)	Total: 11 (91.666664%)
[9.218363, 10.746931)	                    	Count: 0 (0.000000%)	Total: 11 (91.666664%)
[10.746931, 12.275499)	                    	Count: 0 (0.000000%)	Total: 11 (91.666664%)
[12.275499, 13.804068)	                    	Count: 0 (0.000000%)	Total: 11 (91.666664%)
[13.804068, 15.332634]	                  ##	Count: 1 (8.333333%)	Total: 12 (100.000000%)
I0429 15:44:35.736088 10061 optimization_problem.cc:193] 
Solver Summary (v 1.11.0-eigen-(3.2.92)-lapack-suitesparse-(4.4.6)-openmp)

                                     Original                  Reduced
Parameter blocks                           10                        9
Parameters                                 30                       27
Residual blocks                            25                       25
Residual                                   75                       75

Minimizer                        TRUST_REGION

Sparse linear algebra library    SUITE_SPARSE
Trust region strategy     LEVENBERG_MARQUARDT

                                        Given                     Used
Linear solver          SPARSE_NORMAL_CHOLESKY   SPARSE_NORMAL_CHOLESKY
Threads                                     1                        1
Linear solver threads                       1                        1

Cost:
Initial                          1.824059e+01
Final                            1.824059e+01
Change                           0.000000e+00

Minimizer iterations                        0
Successful steps                            0
Unsuccessful steps                          0

Time (in seconds):
Preprocessor                           0.0003

  Residual evaluation                  0.0000
  Jacobian evaluation                  0.0002
  Linear solver                        0.0003
Minimizer                              0.0007

Postprocessor                          0.0000
Total                                  0.0010

Termination:                      CONVERGENCE (Function tolerance reached. |cost_change|/cost: 9.466647e-07 <= 1.000000e-06)
[KOptimizing: Done.     
I0429 15:44:35.736660 10066 constraint_builder.cc:271] 0 computations resulted in 0 additional constraints.
I0429 15:44:35.736740 10066 constraint_builder.cc:273] Score histogram:
Count: 12  Min: 0.508552  Max: 0.534354  Mean: 0.522810
[0.508552, 0.511132)	                  ##	Count: 1 (8.333333%)	Total: 1 (8.333333%)
[0.511132, 0.513712)	                 ###	Count: 2 (16.666666%)	Total: 3 (25.000000%)
[0.513712, 0.516292)	                    	Count: 0 (0.000000%)	Total: 3 (25.000000%)
[0.516292, 0.518873)	                  ##	Count: 1 (8.333333%)	Total: 4 (33.333332%)
[0.518873, 0.521453)	                  ##	Count: 1 (8.333333%)	Total: 5 (41.666668%)
[0.521453, 0.524033)	                 ###	Count: 2 (16.666666%)	Total: 7 (58.333332%)
[0.524033, 0.526613)	                  ##	Count: 1 (8.333333%)	Total: 8 (66.666664%)
[0.526613, 0.529193)	                    	Count: 0 (0.000000%)	Total: 8 (66.666664%)
[0.529193, 0.531774)	                  ##	Count: 1 (8.333333%)	Total: 9 (75.000000%)
[0.531774, 0.534354]	               #####	Count: 3 (25.000000%)	Total: 12 (100.000000%)
[       OK ] SparsePoseGraphTest.OverlappingScans (1060 ms)
[----------] 5 tests from SparsePoseGraphTest (4249 ms total)

[----------] Global test environment tear-down
[==========] 5 tests from 1 test case ran. (4250 ms total)
[  PASSED  ] 5 tests.
<end of output>
Test time =   4.30 sec
----------------------------------------------------------
Test Passed.
"mapping_2d_sparse_pose_graph_test" end time: Apr 29 15:44 CST
"mapping_2d_sparse_pose_graph_test" time elapsed: 00:00:04
----------------------------------------------------------

19/40 Testing: mapping_2d_submaps_test
19/40 Test: mapping_2d_submaps_test
Command: "/home/nvidia/git/repos/ros/catkin_ws/src/cartographer/cartographer/build/cartographer/mapping_2d/mapping_2d_submaps_test"
Directory: /home/nvidia/git/repos/ros/catkin_ws/src/cartographer/cartographer/build/cartographer/mapping_2d
"mapping_2d_submaps_test" start time: Apr 29 15:44 CST
Output:
----------------------------------------------------------
Running main() from gmock_main.cc
[==========] Running 1 test from 1 test case.
[----------] Global test environment set-up.
[----------] 1 test from SubmapsTest
[ RUN      ] SubmapsTest.TheRightNumberOfScansAreInserted
WARNING: Logging before InitGoogleLogging() is written to STDERR
I0429 15:44:35.769731 10067 submaps.cc:176] Added submap 1
I0429 15:44:35.770272 10067 submaps.cc:176] Added submap 2
I0429 15:44:35.770694 10067 submaps.cc:176] Added submap 3
I0429 15:44:35.771008 10067 submaps.cc:176] Added submap 4
I0429 15:44:35.771080 10067 submaps.cc:176] Added submap 5
I0429 15:44:35.771138 10067 submaps.cc:176] Added submap 6
I0429 15:44:35.771193 10067 submaps.cc:176] Added submap 7
I0429 15:44:35.771250 10067 submaps.cc:176] Added submap 8
I0429 15:44:35.771311 10067 submaps.cc:176] Added submap 9
I0429 15:44:35.771378 10067 submaps.cc:176] Added submap 10
I0429 15:44:35.771448 10067 submaps.cc:176] Added submap 11
I0429 15:44:35.771515 10067 submaps.cc:176] Added submap 12
I0429 15:44:35.771581 10067 submaps.cc:176] Added submap 13
I0429 15:44:35.771643 10067 submaps.cc:176] Added submap 14
I0429 15:44:35.771708 10067 submaps.cc:176] Added submap 15
I0429 15:44:35.771766 10067 submaps.cc:176] Added submap 16
I0429 15:44:35.771824 10067 submaps.cc:176] Added submap 17
I0429 15:44:35.771884 10067 submaps.cc:176] Added submap 18
I0429 15:44:35.771944 10067 submaps.cc:176] Added submap 19
I0429 15:44:35.772001 10067 submaps.cc:176] Added submap 20
I0429 15:44:35.772064 10067 submaps.cc:176] Added submap 21
I0429 15:44:35.772125 10067 submaps.cc:176] Added submap 22
I0429 15:44:35.772187 10067 submaps.cc:176] Added submap 23
I0429 15:44:35.772248 10067 submaps.cc:176] Added submap 24
I0429 15:44:35.772306 10067 submaps.cc:176] Added submap 25
I0429 15:44:35.772366 10067 submaps.cc:176] Added submap 26
I0429 15:44:35.772424 10067 submaps.cc:176] Added submap 27
I0429 15:44:35.772483 10067 submaps.cc:176] Added submap 28
I0429 15:44:35.772543 10067 submaps.cc:176] Added submap 29
I0429 15:44:35.772601 10067 submaps.cc:176] Added submap 30
I0429 15:44:35.772660 10067 submaps.cc:176] Added submap 31
I0429 15:44:35.772720 10067 submaps.cc:176] Added submap 32
I0429 15:44:35.772781 10067 submaps.cc:176] Added submap 33
I0429 15:44:35.772847 10067 submaps.cc:176] Added submap 34
I0429 15:44:35.772909 10067 submaps.cc:176] Added submap 35
I0429 15:44:35.772979 10067 submaps.cc:176] Added submap 36
I0429 15:44:35.773052 10067 submaps.cc:176] Added submap 37
I0429 15:44:35.773126 10067 submaps.cc:176] Added submap 38
I0429 15:44:35.773216 10067 submaps.cc:176] Added submap 39
I0429 15:44:35.773303 10067 submaps.cc:176] Added submap 40
I0429 15:44:35.773365 10067 submaps.cc:176] Added submap 41
I0429 15:44:35.773447 10067 submaps.cc:176] Added submap 42
I0429 15:44:35.773511 10067 submaps.cc:176] Added submap 43
I0429 15:44:35.773587 10067 submaps.cc:176] Added submap 44
I0429 15:44:35.773653 10067 submaps.cc:176] Added submap 45
I0429 15:44:35.773717 10067 submaps.cc:176] Added submap 46
I0429 15:44:35.773782 10067 submaps.cc:176] Added submap 47
I0429 15:44:35.773838 10067 submaps.cc:176] Added submap 48
I0429 15:44:35.773892 10067 submaps.cc:176] Added submap 49
I0429 15:44:35.773947 10067 submaps.cc:176] Added submap 50
I0429 15:44:35.774001 10067 submaps.cc:176] Added submap 51
I0429 15:44:35.774056 10067 submaps.cc:176] Added submap 52
I0429 15:44:35.774111 10067 submaps.cc:176] Added submap 53
I0429 15:44:35.774165 10067 submaps.cc:176] Added submap 54
I0429 15:44:35.774219 10067 submaps.cc:176] Added submap 55
I0429 15:44:35.774273 10067 submaps.cc:176] Added submap 56
I0429 15:44:35.774328 10067 submaps.cc:176] Added submap 57
I0429 15:44:35.774382 10067 submaps.cc:176] Added submap 58
I0429 15:44:35.774436 10067 submaps.cc:176] Added submap 59
I0429 15:44:35.774490 10067 submaps.cc:176] Added submap 60
I0429 15:44:35.774545 10067 submaps.cc:176] Added submap 61
I0429 15:44:35.774605 10067 submaps.cc:176] Added submap 62
I0429 15:44:35.774663 10067 submaps.cc:176] Added submap 63
I0429 15:44:35.774721 10067 submaps.cc:176] Added submap 64
I0429 15:44:35.774780 10067 submaps.cc:176] Added submap 65
I0429 15:44:35.774837 10067 submaps.cc:176] Added submap 66
I0429 15:44:35.774893 10067 submaps.cc:176] Added submap 67
I0429 15:44:35.774948 10067 submaps.cc:176] Added submap 68
I0429 15:44:35.775004 10067 submaps.cc:176] Added submap 69
I0429 15:44:35.775058 10067 submaps.cc:176] Added submap 70
I0429 15:44:35.775112 10067 submaps.cc:176] Added submap 71
I0429 15:44:35.775166 10067 submaps.cc:176] Added submap 72
I0429 15:44:35.775220 10067 submaps.cc:176] Added submap 73
I0429 15:44:35.775274 10067 submaps.cc:176] Added submap 74
I0429 15:44:35.775328 10067 submaps.cc:176] Added submap 75
I0429 15:44:35.775382 10067 submaps.cc:176] Added submap 76
I0429 15:44:35.775436 10067 submaps.cc:176] Added submap 77
I0429 15:44:35.775491 10067 submaps.cc:176] Added submap 78
I0429 15:44:35.775563 10067 submaps.cc:176] Added submap 79
I0429 15:44:35.775637 10067 submaps.cc:176] Added submap 80
I0429 15:44:35.775707 10067 submaps.cc:176] Added submap 81
I0429 15:44:35.775770 10067 submaps.cc:176] Added submap 82
I0429 15:44:35.775830 10067 submaps.cc:176] Added submap 83
I0429 15:44:35.775899 10067 submaps.cc:176] Added submap 84
I0429 15:44:35.775969 10067 submaps.cc:176] Added submap 85
I0429 15:44:35.776026 10067 submaps.cc:176] Added submap 86
I0429 15:44:35.776104 10067 submaps.cc:176] Added submap 87
I0429 15:44:35.776177 10067 submaps.cc:176] Added submap 88
I0429 15:44:35.776237 10067 submaps.cc:176] Added submap 89
I0429 15:44:35.776291 10067 submaps.cc:176] Added submap 90
I0429 15:44:35.776368 10067 submaps.cc:176] Added submap 91
I0429 15:44:35.776438 10067 submaps.cc:176] Added submap 92
I0429 15:44:35.776510 10067 submaps.cc:176] Added submap 93
I0429 15:44:35.776584 10067 submaps.cc:176] Added submap 94
I0429 15:44:35.776654 10067 submaps.cc:176] Added submap 95
I0429 15:44:35.776723 10067 submaps.cc:176] Added submap 96
I0429 15:44:35.776800 10067 submaps.cc:176] Added submap 97
I0429 15:44:35.776868 10067 submaps.cc:176] Added submap 98
I0429 15:44:35.776931 10067 submaps.cc:176] Added submap 99
I0429 15:44:35.776993 10067 submaps.cc:176] Added submap 100
I0429 15:44:35.777071 10067 submaps.cc:176] Added submap 101
[       OK ] SubmapsTest.TheRightNumberOfScansAreInserted (10 ms)
[----------] 1 test from SubmapsTest (10 ms total)

[----------] Global test environment tear-down
[==========] 1 test from 1 test case ran. (11 ms total)
[  PASSED  ] 1 test.
<end of output>
Test time =   0.03 sec
----------------------------------------------------------
Test Passed.
"mapping_2d_submaps_test" end time: Apr 29 15:44 CST
"mapping_2d_submaps_test" time elapsed: 00:00:00
----------------------------------------------------------

20/40 Testing: mapping_2d_xy_index_test
20/40 Test: mapping_2d_xy_index_test
Command: "/home/nvidia/git/repos/ros/catkin_ws/src/cartographer/cartographer/build/cartographer/mapping_2d/mapping_2d_xy_index_test"
Directory: /home/nvidia/git/repos/ros/catkin_ws/src/cartographer/cartographer/build/cartographer/mapping_2d
"mapping_2d_xy_index_test" start time: Apr 29 15:44 CST
Output:
----------------------------------------------------------
Running main() from gmock_main.cc
[==========] Running 1 test from 1 test case.
[----------] Global test environment set-up.
[----------] 1 test from XYIndexTest
[ RUN      ] XYIndexTest.XYIndexRangeIterator
WARNING: Logging before InitGoogleLogging() is written to STDERR
I0429 15:44:35.792845 10068 xy_index_test.cc:34] 1
2
I0429 15:44:35.793108 10068 xy_index_test.cc:34] 2
2
I0429 15:44:35.793144 10068 xy_index_test.cc:34] 3
2
I0429 15:44:35.793277 10068 xy_index_test.cc:34] 1
3
I0429 15:44:35.793310 10068 xy_index_test.cc:34] 2
3
I0429 15:44:35.793336 10068 xy_index_test.cc:34] 3
3
I0429 15:44:35.793359 10068 xy_index_test.cc:34] 1
4
I0429 15:44:35.793378 10068 xy_index_test.cc:34] 2
4
I0429 15:44:35.793399 10068 xy_index_test.cc:34] 3
4
[       OK ] XYIndexTest.XYIndexRangeIterator (1 ms)
[----------] 1 test from XYIndexTest (1 ms total)

[----------] Global test environment tear-down
[==========] 1 test from 1 test case ran. (1 ms total)
[  PASSED  ] 1 test.
<end of output>
Test time =   0.01 sec
----------------------------------------------------------
Test Passed.
"mapping_2d_xy_index_test" end time: Apr 29 15:44 CST
"mapping_2d_xy_index_test" time elapsed: 00:00:00
----------------------------------------------------------

21/40 Testing: mapping_2d_scan_matching_ceres_scan_matcher_test
21/40 Test: mapping_2d_scan_matching_ceres_scan_matcher_test
Command: "/home/nvidia/git/repos/ros/catkin_ws/src/cartographer/cartographer/build/cartographer/mapping_2d/scan_matching/mapping_2d_scan_matching_ceres_scan_matcher_test"
Directory: /home/nvidia/git/repos/ros/catkin_ws/src/cartographer/cartographer/build/cartographer/mapping_2d/scan_matching
"mapping_2d_scan_matching_ceres_scan_matcher_test" start time: Apr 29 15:44 CST
Output:
----------------------------------------------------------
Running main() from gmock_main.cc
[==========] Running 4 tests from 1 test case.
[----------] Global test environment set-up.
[----------] 4 tests from CeresScanMatcherTest
[ RUN      ] CeresScanMatcherTest.testPerfectEstimate
[       OK ] CeresScanMatcherTest.testPerfectEstimate (4 ms)
[ RUN      ] CeresScanMatcherTest.testOptimizeAlongX
[       OK ] CeresScanMatcherTest.testOptimizeAlongX (3 ms)
[ RUN      ] CeresScanMatcherTest.testOptimizeAlongY
[       OK ] CeresScanMatcherTest.testOptimizeAlongY (3 ms)
[ RUN      ] CeresScanMatcherTest.testOptimizeAlongXY
[       OK ] CeresScanMatcherTest.testOptimizeAlongXY (3 ms)
[----------] 4 tests from CeresScanMatcherTest (14 ms total)

[----------] Global test environment tear-down
[==========] 4 tests from 1 test case ran. (14 ms total)
[  PASSED  ] 4 tests.
<end of output>
Test time =   0.05 sec
----------------------------------------------------------
Test Passed.
"mapping_2d_scan_matching_ceres_scan_matcher_test" end time: Apr 29 15:44 CST
"mapping_2d_scan_matching_ceres_scan_matcher_test" time elapsed: 00:00:00
----------------------------------------------------------

22/40 Testing: mapping_2d_scan_matching_correlative_scan_matcher_test
22/40 Test: mapping_2d_scan_matching_correlative_scan_matcher_test
Command: "/home/nvidia/git/repos/ros/catkin_ws/src/cartographer/cartographer/build/cartographer/mapping_2d/scan_matching/mapping_2d_scan_matching_correlative_scan_matcher_test"
Directory: /home/nvidia/git/repos/ros/catkin_ws/src/cartographer/cartographer/build/cartographer/mapping_2d/scan_matching
"mapping_2d_scan_matching_correlative_scan_matcher_test" start time: Apr 29 15:44 CST
Output:
----------------------------------------------------------
Running main() from gmock_main.cc
[==========] Running 4 tests from 4 test cases.
[----------] Global test environment set-up.
[----------] 1 test from SearchParameters
[ RUN      ] SearchParameters.Construction
[       OK ] SearchParameters.Construction (0 ms)
[----------] 1 test from SearchParameters (0 ms total)

[----------] 1 test from Candidate
[ RUN      ] Candidate.Construction
[       OK ] Candidate.Construction (0 ms)
[----------] 1 test from Candidate (0 ms total)

[----------] 1 test from GenerateRotatedScans
[ RUN      ] GenerateRotatedScans.GenerateRotatedScans
[       OK ] GenerateRotatedScans.GenerateRotatedScans (0 ms)
[----------] 1 test from GenerateRotatedScans (0 ms total)

[----------] 1 test from DiscretizeScans
[ RUN      ] DiscretizeScans.DiscretizeScans
[       OK ] DiscretizeScans.DiscretizeScans (0 ms)
[----------] 1 test from DiscretizeScans (0 ms total)

[----------] Global test environment tear-down
[==========] 4 tests from 4 test cases ran. (0 ms total)
[  PASSED  ] 4 tests.
<end of output>
Test time =   0.01 sec
----------------------------------------------------------
Test Passed.
"mapping_2d_scan_matching_correlative_scan_matcher_test" end time: Apr 29 15:44 CST
"mapping_2d_scan_matching_correlative_scan_matcher_test" time elapsed: 00:00:00
----------------------------------------------------------

23/40 Testing: mapping_2d_scan_matching_fast_correlative_scan_matcher_test
23/40 Test: mapping_2d_scan_matching_fast_correlative_scan_matcher_test
Command: "/home/nvidia/git/repos/ros/catkin_ws/src/cartographer/cartographer/build/cartographer/mapping_2d/scan_matching/mapping_2d_scan_matching_fast_correlative_scan_matcher_test"
Directory: /home/nvidia/git/repos/ros/catkin_ws/src/cartographer/cartographer/build/cartographer/mapping_2d/scan_matching
"mapping_2d_scan_matching_fast_correlative_scan_matcher_test" start time: Apr 29 15:44 CST
Output:
----------------------------------------------------------
Running main() from gmock_main.cc
[==========] Running 4 tests from 2 test cases.
[----------] Global test environment set-up.
[----------] 2 tests from PrecomputationGridTest
[ RUN      ] PrecomputationGridTest.CorrectValues
[       OK ] PrecomputationGridTest.CorrectValues (61 ms)
[ RUN      ] PrecomputationGridTest.TinyProbabilityGrid
[       OK ] PrecomputationGridTest.TinyProbabilityGrid (3 ms)
[----------] 2 tests from PrecomputationGridTest (64 ms total)

[----------] 2 tests from FastCorrelativeScanMatcherTest
[ RUN      ] FastCorrelativeScanMatcherTest.CorrectPose
[       OK ] FastCorrelativeScanMatcherTest.CorrectPose (2210 ms)
[ RUN      ] FastCorrelativeScanMatcherTest.FullSubmapMatching
[       OK ] FastCorrelativeScanMatcherTest.FullSubmapMatching (985 ms)
[----------] 2 tests from FastCorrelativeScanMatcherTest (3195 ms total)

[----------] Global test environment tear-down
[==========] 4 tests from 2 test cases ran. (3259 ms total)
[  PASSED  ] 4 tests.
<end of output>
Test time =   3.28 sec
----------------------------------------------------------
Test Passed.
"mapping_2d_scan_matching_fast_correlative_scan_matcher_test" end time: Apr 29 15:44 CST
"mapping_2d_scan_matching_fast_correlative_scan_matcher_test" time elapsed: 00:00:03
----------------------------------------------------------

24/40 Testing: mapping_2d_scan_matching_real_time_correlative_scan_matcher_test
24/40 Test: mapping_2d_scan_matching_real_time_correlative_scan_matcher_test
Command: "/home/nvidia/git/repos/ros/catkin_ws/src/cartographer/cartographer/build/cartographer/mapping_2d/scan_matching/mapping_2d_scan_matching_real_time_correlative_scan_matcher_test"
Directory: /home/nvidia/git/repos/ros/catkin_ws/src/cartographer/cartographer/build/cartographer/mapping_2d/scan_matching
"mapping_2d_scan_matching_real_time_correlative_scan_matcher_test" start time: Apr 29 15:44 CST
Output:
----------------------------------------------------------
Running main() from gmock_main.cc
[==========] Running 2 tests from 1 test case.
[----------] Global test environment set-up.
[----------] 2 tests from RealTimeCorrelativeScanMatcherTest
[...]
[       OK ] CeresScanMatcherTest.AlongZ (2 ms)
[ RUN      ] CeresScanMatcherTest.AlongXYZ
[       OK ] CeresScanMatcherTest.AlongXYZ (2 ms)
[ RUN      ] CeresScanMatcherTest.FullPoseCorrection
[       OK ] CeresScanMatcherTest.FullPoseCorrection (2 ms)
[----------] 5 tests from CeresScanMatcherTest (12 ms total)

[----------] Global test environment tear-down
[==========] 5 tests from 1 test case ran. (14 ms total)
[  PASSED  ] 5 tests.
<end of output>
Test time =   0.05 sec
----------------------------------------------------------
Test Passed.
"mapping_3d_scan_matching_ceres_scan_matcher_test" end time: Apr 29 15:45 CST
"mapping_3d_scan_matching_ceres_scan_matcher_test" time elapsed: 00:00:00
----------------------------------------------------------

30/40 Testing: mapping_3d_scan_matching_fast_correlative_scan_matcher_test
30/40 Test: mapping_3d_scan_matching_fast_correlative_scan_matcher_test
Command: "/home/nvidia/git/repos/ros/catkin_ws/src/cartographer/cartographer/build/cartographer/mapping_3d/scan_matching/mapping_3d_scan_matching_fast_correlative_scan_matcher_test"
Directory: /home/nvidia/git/repos/ros/catkin_ws/src/cartographer/cartographer/build/cartographer/mapping_3d/scan_matching
"mapping_3d_scan_matching_fast_correlative_scan_matcher_test" start time: Apr 29 15:45 CST
Output:
----------------------------------------------------------
Running main() from gmock_main.cc
[==========] Running 1 test from 1 test case.
[----------] Global test environment set-up.
[----------] 1 test from FastCorrelativeScanMatcherTest
[ RUN      ] FastCorrelativeScanMatcherTest.CorrectPose
[       OK ] FastCorrelativeScanMatcherTest.CorrectPose (130 ms)
[----------] 1 test from FastCorrelativeScanMatcherTest (130 ms total)

[----------] Global test environment tear-down
[==========] 1 test from 1 test case ran. (130 ms total)
[  PASSED  ] 1 test.
<end of output>
Test time =   0.15 sec
----------------------------------------------------------
Test Passed.
"mapping_3d_scan_matching_fast_correlative_scan_matcher_test" end time: Apr 29 15:45 CST
"mapping_3d_scan_matching_fast_correlative_scan_matcher_test" time elapsed: 00:00:00
----------------------------------------------------------

31/40 Testing: mapping_3d_scan_matching_interpolated_grid_test
31/40 Test: mapping_3d_scan_matching_interpolated_grid_test
Command: "/home/nvidia/git/repos/ros/catkin_ws/src/cartographer/cartographer/build/cartographer/mapping_3d/scan_matching/mapping_3d_scan_matching_interpolated_grid_test"
Directory: /home/nvidia/git/repos/ros/catkin_ws/src/cartographer/cartographer/build/cartographer/mapping_3d/scan_matching
"mapping_3d_scan_matching_interpolated_grid_test" start time: Apr 29 15:45 CST
Output:
----------------------------------------------------------
Running main() from gmock_main.cc
[==========] Running 2 tests from 1 test case.
[----------] Global test environment set-up.
[----------] 2 tests from InterpolatedGridTest
[ RUN      ] InterpolatedGridTest.InterpolatesGridPoints
[       OK ] InterpolatedGridTest.InterpolatesGridPoints (40 ms)
[ RUN      ] InterpolatedGridTest.MonotonicBehaviorBetweenGridPointsInX
[       OK ] InterpolatedGridTest.MonotonicBehaviorBetweenGridPointsInX (8 ms)
[----------] 2 tests from InterpolatedGridTest (48 ms total)

[----------] Global test environment tear-down
[==========] 2 tests from 1 test case ran. (48 ms total)
[  PASSED  ] 2 tests.
<end of output>
Test time =   0.08 sec
----------------------------------------------------------
Test Passed.
"mapping_3d_scan_matching_interpolated_grid_test" end time: Apr 29 15:45 CST
"mapping_3d_scan_matching_interpolated_grid_test" time elapsed: 00:00:00
----------------------------------------------------------

32/40 Testing: mapping_3d_scan_matching_precomputation_grid_test
32/40 Test: mapping_3d_scan_matching_precomputation_grid_test
Command: "/home/nvidia/git/repos/ros/catkin_ws/src/cartographer/cartographer/build/cartographer/mapping_3d/scan_matching/mapping_3d_scan_matching_precomputation_grid_test"
Directory: /home/nvidia/git/repos/ros/catkin_ws/src/cartographer/cartographer/build/cartographer/mapping_3d/scan_matching
"mapping_3d_scan_matching_precomputation_grid_test" start time: Apr 29 15:45 CST
Output:
----------------------------------------------------------
Running main() from gmock_main.cc
[==========] Running 1 test from 1 test case.
[----------] Global test environment set-up.
[----------] 1 test from PrecomputedGridGeneratorTest
[ RUN      ] PrecomputedGridGeneratorTest.TestAgainstNaiveAlgorithm
[       OK ] PrecomputedGridGeneratorTest.TestAgainstNaiveAlgorithm (42 ms)
[----------] 1 test from PrecomputedGridGeneratorTest (42 ms total)

[----------] Global test environment tear-down
[==========] 1 test from 1 test case ran. (42 ms total)
[  PASSED  ] 1 test.
<end of output>
Test time =   0.05 sec
----------------------------------------------------------
Test Passed.
"mapping_3d_scan_matching_precomputation_grid_test" end time: Apr 29 15:45 CST
"mapping_3d_scan_matching_precomputation_grid_test" time elapsed: 00:00:00
----------------------------------------------------------

33/40 Testing: mapping_3d_scan_matching_real_time_correlative_scan_matcher_test
33/40 Test: mapping_3d_scan_matching_real_time_correlative_scan_matcher_test
Command: "/home/nvidia/git/repos/ros/catkin_ws/src/cartographer/cartographer/build/cartographer/mapping_3d/scan_matching/mapping_3d_scan_matching_real_time_correlative_scan_matcher_test"
Directory: /home/nvidia/git/repos/ros/catkin_ws/src/cartographer/cartographer/build/cartographer/mapping_3d/scan_matching
"mapping_3d_scan_matching_real_time_correlative_scan_matcher_test" start time: Apr 29 15:45 CST
Output:
----------------------------------------------------------
Running main() from gmock_main.cc
[==========] Running 7 tests from 1 test case.
[----------] Global test environment set-up.
[----------] 7 tests from RealTimeCorrelativeScanMatcherTest
[ RUN      ] RealTimeCorrelativeScanMatcherTest.PerfectEstimate
WARNING: Logging before InitGoogleLogging() is written to STDERR
I0429 15:45:12.023224 10082 real_time_correlative_scan_matcher_test.cc:72] Score: 0.9
[       OK ] RealTimeCorrelativeScanMatcherTest.PerfectEstimate (10 ms)
[ RUN      ] RealTimeCorrelativeScanMatcherTest.AlongX
I0429 15:45:12.031626 10082 real_time_correlative_scan_matcher_test.cc:72] Score: 0.89964
[       OK ] RealTimeCorrelativeScanMatcherTest.AlongX (8 ms)
[ RUN      ] RealTimeCorrelativeScanMatcherTest.AlongZ
I0429 15:45:12.039649 10082 real_time_correlative_scan_matcher_test.cc:72] Score: 0.89964
[       OK ] RealTimeCorrelativeScanMatcherTest.AlongZ (8 ms)
[ RUN      ] RealTimeCorrelativeScanMatcherTest.AlongXYZ
I0429 15:45:12.048060 10082 real_time_correlative_scan_matcher_test.cc:72] Score: 0.89919
[       OK ] RealTimeCorrelativeScanMatcherTest.AlongXYZ (9 ms)
[ RUN      ] RealTimeCorrelativeScanMatcherTest.RotationAroundX
I0429 15:45:12.056171 10082 real_time_correlative_scan_matcher_test.cc:72] Score: 0.899848
[       OK ] RealTimeCorrelativeScanMatcherTest.RotationAroundX (8 ms)
[ RUN      ] RealTimeCorrelativeScanMatcherTest.RotationAroundY
I0429 15:45:12.079895 10082 real_time_correlative_scan_matcher_test.cc:72] Score: 0.899848
[       OK ] RealTimeCorrelativeScanMatcherTest.RotationAroundY (24 ms)
[ RUN      ] RealTimeCorrelativeScanMatcherTest.RotationAroundYZ
I0429 15:45:12.092872 10082 real_time_correlative_scan_matcher_test.cc:72] Score: 0.899696
[       OK ] RealTimeCorrelativeScanMatcherTest.RotationAroundYZ (13 ms)
[----------] 7 tests from RealTimeCorrelativeScanMatcherTest (80 ms total)

[----------] Global test environment tear-down
[==========] 7 tests from 1 test case ran. (80 ms total)
[  PASSED  ] 7 tests.
<end of output>
Test time =   0.09 sec
----------------------------------------------------------
Test Passed.
"mapping_3d_scan_matching_real_time_correlative_scan_matcher_test" end time: Apr 29 15:45 CST
"mapping_3d_scan_matching_real_time_correlative_scan_matcher_test" time elapsed: 00:00:00
----------------------------------------------------------

34/40 Testing: mapping_3d_sparse_pose_graph_optimization_problem_test
34/40 Test: mapping_3d_sparse_pose_graph_optimization_problem_test
Command: "/home/nvidia/git/repos/ros/catkin_ws/src/cartographer/cartographer/build/cartographer/mapping_3d/sparse_pose_graph/mapping_3d_sparse_pose_graph_optimization_problem_test"
Directory: /home/nvidia/git/repos/ros/catkin_ws/src/cartographer/cartographer/build/cartographer/mapping_3d/sparse_pose_graph
"mapping_3d_sparse_pose_graph_optimization_problem_test" start time: Apr 29 15:45 CST
Output:
----------------------------------------------------------
Running main() from gmock_main.cc
[==========] Running 1 test from 1 test case.
[----------] Global test environment set-up.
[----------] 1 test from OptimizationProblemTest
[ RUN      ] OptimizationProblemTest.ReducesNoise
WARNING: Logging before InitGoogleLogging() is written to STDERR
I0429 15:45:12.167542 10083 optimization_problem.cc:267] 
Solver Summary (v 1.11.0-eigen-(3.2.92)-lapack-suitesparse-(4.4.6)-openmp)

                                     Original                  Reduced
Parameter blocks                          207                      206
Parameters                                722                      719
Effective parameters                      618                      615
Residual blocks                           497                      497
Residual                                 2391                     2391

Minimizer                        TRUST_REGION

Sparse linear algebra library    SUITE_SPARSE
Trust region strategy     LEVENBERG_MARQUARDT

                                        Given                     Used
Linear solver          SPARSE_NORMAL_CHOLESKY   SPARSE_NORMAL_CHOLESKY
Threads                                     4                        4
Linear solver threads                       1                        1

Cost:
Initial                          1.099611e+01
Final                            7.050868e+00
Change                           3.945246e+00

Minimizer iterations                        2
Successful steps                            2
Unsuccessful steps                          0

Time (in seconds):
Preprocessor                           0.0046

  Residual evaluation                  0.0005
  Jacobian evaluation                  0.0072
  Linear solver                        0.0112
Minimizer                              0.0207

Postprocessor                          0.0000
Total                                  0.0254

Termination:                      CONVERGENCE (Function tolerance reached. |cost_change|/cost: 1.354437e-09 <= 1.000000e-06)
I0429 15:45:12.167775 10083 optimization_problem.cc:268] Gravity was: -63.8958
[       OK ] OptimizationProblemTest.ReducesNoise (36 ms)
[----------] 1 test from OptimizationProblemTest (36 ms total)

[----------] Global test environment tear-down
[==========] 1 test from 1 test case ran. (36 ms total)
[  PASSED  ] 1 test.
<end of output>
Test time =   0.07 sec
----------------------------------------------------------
Test Passed.
"mapping_3d_sparse_pose_graph_optimization_problem_test" end time: Apr 29 15:45 CST
"mapping_3d_sparse_pose_graph_optimization_problem_test" time elapsed: 00:00:00
----------------------------------------------------------

35/40 Testing: sensor_compressed_point_cloud_test
35/40 Test: sensor_compressed_point_cloud_test
Command: "/home/nvidia/git/repos/ros/catkin_ws/src/cartographer/cartographer/build/cartographer/sensor/sensor_compressed_point_cloud_test"
Directory: /home/nvidia/git/repos/ros/catkin_ws/src/cartographer/cartographer/build/cartographer/sensor
"sensor_compressed_point_cloud_test" start time: Apr 29 15:45 CST
Output:
----------------------------------------------------------
Running main() from gmock_main.cc
[==========] Running 5 tests from 1 test case.
[----------] Global test environment set-up.
[----------] 5 tests from CompressPointCloudTest
[ RUN      ] CompressPointCloudTest.CompressesPointsCorrectly
[       OK ] CompressPointCloudTest.CompressesPointsCorrectly (439 ms)
[ RUN      ] CompressPointCloudTest.Compresses
[       OK ] CompressPointCloudTest.Compresses (0 ms)
[ RUN      ] CompressPointCloudTest.CompressesEmptyPointCloud
[       OK ] CompressPointCloudTest.CompressesEmptyPointCloud (0 ms)
[ RUN      ] CompressPointCloudTest.CompressesNoGaps
[       OK ] CompressPointCloudTest.CompressesNoGaps (23 ms)
[ RUN      ] CompressPointCloudTest.CompressesAndReturnsOrder
[       OK ] CompressPointCloudTest.CompressesAndReturnsOrder (0 ms)
[----------] 5 tests from CompressPointCloudTest (462 ms total)

[----------] Global test environment tear-down
[==========] 5 tests from 1 test case ran. (462 ms total)
[  PASSED  ] 5 tests.
<end of output>
Test time =   0.49 sec
----------------------------------------------------------
Test Passed.
"sensor_compressed_point_cloud_test" end time: Apr 29 15:45 CST
"sensor_compressed_point_cloud_test" time elapsed: 00:00:00
----------------------------------------------------------

36/40 Testing: sensor_laser_test
36/40 Test: sensor_laser_test
Command: "/home/nvidia/git/repos/ros/catkin_ws/src/cartographer/cartographer/build/cartographer/sensor/sensor_laser_test"
Directory: /home/nvidia/git/repos/ros/catkin_ws/src/cartographer/cartographer/build/cartographer/sensor
"sensor_laser_test" start time: Apr 29 15:45 CST
Output:
----------------------------------------------------------
Running main() from gmock_main.cc
[==========] Running 3 tests from 2 test cases.
[----------] Global test environment set-up.
[----------] 2 tests from ProjectorTest
[ RUN      ] ProjectorTest.ToLaserFan
[       OK ] ProjectorTest.ToLaserFan (0 ms)
[ RUN      ] ProjectorTest.ToLaserFanWithInfinityAndNaN
[       OK ] ProjectorTest.ToLaserFanWithInfinityAndNaN (0 ms)
[----------] 2 tests from ProjectorTest (0 ms total)

[----------] 1 test from LaserTest
[ RUN      ] LaserTest.Compression
[       OK ] LaserTest.Compression (1 ms)
[----------] 1 test from LaserTest (1 ms total)

[----------] Global test environment tear-down
[==========] 3 tests from 2 test cases ran. (1 ms total)
[  PASSED  ] 3 tests.
<end of output>
Test time =   0.02 sec
----------------------------------------------------------
Test Passed.
"sensor_laser_test" end time: Apr 29 15:45 CST
"sensor_laser_test" time elapsed: 00:00:00
----------------------------------------------------------

37/40 Testing: sensor_point_cloud_test
37/40 Test: sensor_point_cloud_test
Command: "/home/nvidia/git/repos/ros/catkin_ws/src/cartographer/cartographer/build/cartographer/sensor/sensor_point_cloud_test"
Directory: /home/nvidia/git/repos/ros/catkin_ws/src/cartographer/cartographer/build/cartographer/sensor
"sensor_point_cloud_test" start time: Apr 29 15:45 CST
Output:
----------------------------------------------------------
Running main() from gmock_main.cc
[==========] Running 1 test from 1 test case.
[----------] Global test environment set-up.
[----------] 1 test from PointCloudTest
[ RUN      ] PointCloudTest.TransformPointCloud2D
[       OK ] PointCloudTest.TransformPointCloud2D (0 ms)
[----------] 1 test from PointCloudTest (0 ms total)

[----------] Global test environment tear-down
[==========] 1 test from 1 test case ran. (0 ms total)
[  PASSED  ] 1 test.
<end of output>
Test time =   0.02 sec
----------------------------------------------------------
Test Passed.
"sensor_point_cloud_test" end time: Apr 29 15:45 CST
"sensor_point_cloud_test" time elapsed: 00:00:00
----------------------------------------------------------

38/40 Testing: sensor_voxel_filter_test
38/40 Test: sensor_voxel_filter_test
Command: "/home/nvidia/git/repos/ros/catkin_ws/src/cartographer/cartographer/build/cartographer/sensor/sensor_voxel_filter_test"
Directory: /home/nvidia/git/repos/ros/catkin_ws/src/cartographer/cartographer/build/cartographer/sensor
"sensor_voxel_filter_test" start time: Apr 29 15:45 CST
Output:
----------------------------------------------------------
Running main() from gmock_main.cc
[==========] Running 2 tests from 2 test cases.
[----------] Global test environment set-up.
[----------] 1 test from VoxelFilterTest
[ RUN      ] VoxelFilterTest.ReturnsTheFirstPointInEachVoxel
[       OK ] VoxelFilterTest.ReturnsTheFirstPointInEachVoxel (1 ms)
[----------] 1 test from VoxelFilterTest (1 ms total)

[----------] 1 test from VoxelFilter3DTest
[ RUN      ] VoxelFilter3DTest.ReturnsTheFirstPointInEachVoxel
[       OK ] VoxelFilter3DTest.ReturnsTheFirstPointInEachVoxel (0 ms)
[----------] 1 test from VoxelFilter3DTest (0 ms total)

[----------] Global test environment tear-down
[==========] 2 tests from 2 test cases ran. (1 ms total)
[  PASSED  ] 2 tests.
<end of output>
Test time =   0.02 sec
----------------------------------------------------------
Test Passed.
"sensor_voxel_filter_test" end time: Apr 29 15:45 CST
"sensor_voxel_filter_test" time elapsed: 00:00:00
----------------------------------------------------------

39/40 Testing: transform_transform_interpolation_buffer_test
39/40 Test: transform_transform_interpolation_buffer_test
Command: "/home/nvidia/git/repos/ros/catkin_ws/src/cartographer/cartographer/build/cartographer/transform/transform_transform_interpolation_buffer_test"
Directory: /home/nvidia/git/repos/ros/catkin_ws/src/cartographer/cartographer/build/cartographer/transform
"transform_transform_interpolation_buffer_test" start time: Apr 29 15:45 CST
Output:
----------------------------------------------------------
Running main() from gmock_main.cc
[==========] Running 2 tests from 1 test case.
[----------] Global test environment set-up.
[----------] 2 tests from TransformInterpolationBufferTest
[ RUN      ] TransformInterpolationBufferTest.testHas
[       OK ] TransformInterpolationBufferTest.testHas (0 ms)
[ RUN      ] TransformInterpolationBufferTest.testLookup
[       OK ] TransformInterpolationBufferTest.testLookup (1 ms)
[----------] 2 tests from TransformInterpolationBufferTest (1 ms total)

[----------] Global test environment tear-down
[==========] 2 tests from 1 test case ran. (1 ms total)
[  PASSED  ] 2 tests.
<end of output>
Test time =   0.02 sec
----------------------------------------------------------
Test Passed.
"transform_transform_interpolation_buffer_test" end time: Apr 29 15:45 CST
"transform_transform_interpolation_buffer_test" time elapsed: 00:00:00
----------------------------------------------------------

40/40 Testing: transform_transform_test
40/40 Test: transform_transform_test
Command: "/home/nvidia/git/repos/ros/catkin_ws/src/cartographer/cartographer/build/cartographer/transform/transform_transform_test"
Directory: /home/nvidia/git/repos/ros/catkin_ws/src/cartographer/cartographer/build/cartographer/transform
"transform_transform_test" start time: Apr 29 15:45 CST
Output:
----------------------------------------------------------
Running main() from gmock_main.cc
[==========] Running 4 tests from 1 test case.
[----------] Global test environment set-up.
[----------] 4 tests from TransformTest
[ RUN      ] TransformTest.GetAngle
[       OK ] TransformTest.GetAngle (1 ms)
[ RUN      ] TransformTest.GetYaw
[       OK ] TransformTest.GetYaw (0 ms)
[ RUN      ] TransformTest.GetYawAxisOrdering
[       OK ] TransformTest.GetYawAxisOrdering (0 ms)
[ RUN      ] TransformTest.Embed3D
[       OK ] TransformTest.Embed3D (0 ms)
[----------] 4 tests from TransformTest (1 ms total)

[----------] Global test environment tear-down
[==========] 4 tests from 1 test case ran. (1 ms total)
[  PASSED  ] 4 tests.
<end of output>
Test time =   0.02 sec
----------------------------------------------------------
Test Passed.
"transform_transform_test" end time: Apr 29 15:45 CST
"transform_transform_test" time elapsed: 00:00:00
----------------------------------------------------------

End testing: Apr 29 15:45 CST
